{"/home/travis/build/npmtest/node-npmtest-documentdb/test.js":{"path":"/home/travis/build/npmtest/node-npmtest-documentdb/test.js","s":{"1":2,"2":2,"3":2,"4":2,"5":2,"6":2,"7":2,"8":1,"9":2,"10":2,"11":1,"12":1,"13":1,"14":1,"15":2,"16":2,"17":2,"18":2,"19":1,"20":1,"21":2,"22":2,"23":2,"24":1,"25":1,"26":1,"27":1,"28":1,"29":1,"30":1,"31":1,"32":1,"33":1,"34":1,"35":1,"36":1,"37":1,"38":1,"39":2,"40":2,"41":1,"42":2,"43":2,"44":1,"45":2,"46":2,"47":1,"48":2,"49":2,"50":1,"51":1,"52":1,"53":1,"54":1},"b":{"1":[2,1,1,1],"2":[1,1,1,1],"3":[1,1],"4":[1,1],"5":[1,1],"6":[1,1],"7":[1,1],"8":[1,1],"9":[1,1],"10":[1,1,1],"11":[1,1],"12":[1,1],"13":[1,1],"14":[1,1],"15":[1,1],"16":[1,1],"17":[1,1]},"f":{"1":2,"2":2,"3":2,"4":2,"5":2,"6":1,"7":1,"8":1,"9":2,"10":2,"11":2,"12":2,"13":1},"fnMap":{"1":{"name":"(anonymous_1)","line":12,"loc":{"start":{"line":12,"column":1},"end":{"line":12,"column":13}}},"2":{"name":"(anonymous_2)","line":19,"loc":{"start":{"line":19,"column":5},"end":{"line":19,"column":17}}},"3":{"name":"(anonymous_3)","line":23,"loc":{"start":{"line":23,"column":24},"end":{"line":23,"column":36}}},"4":{"name":"(anonymous_4)","line":61,"loc":{"start":{"line":61,"column":5},"end":{"line":61,"column":17}}},"5":{"name":"(anonymous_5)","line":82,"loc":{"start":{"line":82,"column":5},"end":{"line":82,"column":17}}},"6":{"name":"(anonymous_6)","line":91,"loc":{"start":{"line":91,"column":77},"end":{"line":94,"column":10}}},"7":{"name":"(anonymous_7)","line":112,"loc":{"start":{"line":112,"column":83},"end":{"line":115,"column":10}},"skip":true},"8":{"name":"(anonymous_8)","line":123,"loc":{"start":{"line":123,"column":77},"end":{"line":126,"column":10}},"skip":true},"9":{"name":"(anonymous_9)","line":139,"loc":{"start":{"line":139,"column":12},"end":{"line":139,"column":40}},"skip":true},"10":{"name":"(anonymous_10)","line":147,"loc":{"start":{"line":147,"column":77},"end":{"line":150,"column":10}},"skip":true},"11":{"name":"(anonymous_11)","line":158,"loc":{"start":{"line":158,"column":83},"end":{"line":161,"column":10}},"skip":true},"12":{"name":"(anonymous_12)","line":169,"loc":{"start":{"line":169,"column":79},"end":{"line":172,"column":10}},"skip":true},"13":{"name":"(anonymous_13)","line":180,"loc":{"start":{"line":180,"column":75},"end":{"line":183,"column":10}},"skip":true}},"statementMap":{"1":{"start":{"line":12,"column":0},"end":{"line":195,"column":5}},"2":{"start":{"line":14,"column":4},"end":{"line":14,"column":14}},"3":{"start":{"line":19,"column":4},"end":{"line":56,"column":9}},"4":{"start":{"line":21,"column":8},"end":{"line":21,"column":19}},"5":{"start":{"line":23,"column":8},"end":{"line":35,"column":13}},"6":{"start":{"line":24,"column":12},"end":{"line":34,"column":13}},"7":{"start":{"line":25,"column":16},"end":{"line":28,"column":30}},"8":{"start":{"line":30,"column":16},"end":{"line":33,"column":27}},"9":{"start":{"line":37,"column":8},"end":{"line":39,"column":21}},"10":{"start":{"line":40,"column":8},"end":{"line":53,"column":9}},"11":{"start":{"line":43,"column":12},"end":{"line":46,"column":14}},"12":{"start":{"line":47,"column":12},"end":{"line":47,"column":18}},"13":{"start":{"line":50,"column":12},"end":{"line":51,"column":33}},"14":{"start":{"line":52,"column":12},"end":{"line":52,"column":18}},"15":{"start":{"line":55,"column":8},"end":{"line":55,"column":35}},"16":{"start":{"line":61,"column":4},"end":{"line":63,"column":9}},"17":{"start":{"line":62,"column":8},"end":{"line":62,"column":15}},"18":{"start":{"line":64,"column":4},"end":{"line":77,"column":5}},"19":{"start":{"line":70,"column":8},"end":{"line":70,"column":14}},"20":{"start":{"line":76,"column":8},"end":{"line":76,"column":14}},"21":{"start":{"line":82,"column":4},"end":{"line":84,"column":9}},"22":{"start":{"line":83,"column":8},"end":{"line":83,"column":15}},"23":{"start":{"line":85,"column":4},"end":{"line":194,"column":5}},"24":{"start":{"line":91,"column":8},"end":{"line":99,"column":10}},"25":{"start":{"line":98,"column":12},"end":{"line":98,"column":35}},"26":{"start":{"line":102,"column":8},"end":{"line":104,"column":63}},"27":{"start":{"line":105,"column":8},"end":{"line":105,"column":14}},"28":{"start":{"line":112,"column":8},"end":{"line":121,"column":10},"skip":true},"29":{"start":{"line":119,"column":12},"end":{"line":119,"column":55},"skip":true},"30":{"start":{"line":120,"column":12},"end":{"line":120,"column":48},"skip":true},"31":{"start":{"line":123,"column":8},"end":{"line":136,"column":10},"skip":true},"32":{"start":{"line":130,"column":12},"end":{"line":130,"column":76},"skip":true},"33":{"start":{"line":131,"column":12},"end":{"line":131,"column":73},"skip":true},"34":{"start":{"line":132,"column":12},"end":{"line":132,"column":74},"skip":true},"35":{"start":{"line":133,"column":12},"end":{"line":133,"column":79},"skip":true},"36":{"start":{"line":134,"column":12},"end":{"line":134,"column":25},"skip":true},"37":{"start":{"line":135,"column":12},"end":{"line":135,"column":45},"skip":true},"38":{"start":{"line":138,"column":8},"end":{"line":145,"column":14},"skip":true},"39":{"start":{"line":143,"column":16},"end":{"line":143,"column":29},"skip":true},"40":{"start":{"line":144,"column":16},"end":{"line":144,"column":55},"skip":true},"41":{"start":{"line":147,"column":8},"end":{"line":156,"column":10},"skip":true},"42":{"start":{"line":154,"column":12},"end":{"line":154,"column":25},"skip":true},"43":{"start":{"line":155,"column":12},"end":{"line":155,"column":45},"skip":true},"44":{"start":{"line":158,"column":8},"end":{"line":167,"column":10},"skip":true},"45":{"start":{"line":165,"column":12},"end":{"line":165,"column":25},"skip":true},"46":{"start":{"line":166,"column":12},"end":{"line":166,"column":48},"skip":true},"47":{"start":{"line":169,"column":8},"end":{"line":178,"column":10},"skip":true},"48":{"start":{"line":176,"column":12},"end":{"line":176,"column":25},"skip":true},"49":{"start":{"line":177,"column":12},"end":{"line":177,"column":46},"skip":true},"50":{"start":{"line":180,"column":8},"end":{"line":189,"column":10},"skip":true},"51":{"start":{"line":187,"column":12},"end":{"line":187,"column":94},"skip":true},"52":{"start":{"line":188,"column":12},"end":{"line":188,"column":48},"skip":true},"53":{"start":{"line":192,"column":8},"end":{"line":192,"column":35},"skip":true},"54":{"start":{"line":193,"column":8},"end":{"line":193,"column":14},"skip":true}},"branchMap":{"1":{"line":25,"type":"binary-expr","locations":[{"start":{"line":25,"column":23},"end":{"line":25,"column":62}},{"start":{"line":26,"column":20},"end":{"line":26,"column":70}},{"start":{"line":27,"column":20},"end":{"line":27,"column":71}},{"start":{"line":28,"column":20},"end":{"line":28,"column":29}}]},"2":{"line":30,"type":"binary-expr","locations":[{"start":{"line":30,"column":23},"end":{"line":30,"column":37}},{"start":{"line":31,"column":20},"end":{"line":31,"column":61}},{"start":{"line":32,"column":20},"end":{"line":32,"column":70}},{"start":{"line":33,"column":20},"end":{"line":33,"column":26}}]},"3":{"line":37,"type":"cond-expr","locations":[{"start":{"line":38,"column":14},"end":{"line":38,"column":20}},{"start":{"line":39,"column":14},"end":{"line":39,"column":20}}]},"4":{"line":40,"type":"switch","locations":[{"start":{"line":42,"column":8},"end":{"line":47,"column":18}},{"start":{"line":49,"column":8},"end":{"line":52,"column":18}}]},"5":{"line":44,"type":"binary-expr","locations":[{"start":{"line":44,"column":16},"end":{"line":44,"column":44}},{"start":{"line":44,"column":48},"end":{"line":44,"column":66}}]},"6":{"line":50,"type":"binary-expr","locations":[{"start":{"line":50,"column":21},"end":{"line":50,"column":49}},{"start":{"line":50,"column":53},"end":{"line":50,"column":72}}]},"7":{"line":64,"type":"switch","locations":[{"start":{"line":69,"column":4},"end":{"line":70,"column":14}},{"start":{"line":75,"column":4},"end":{"line":76,"column":14}}]},"8":{"line":85,"type":"switch","locations":[{"start":{"line":90,"column":4},"end":{"line":105,"column":14}},{"start":{"line":111,"column":4},"end":{"line":193,"column":14},"skip":true}]},"9":{"line":91,"type":"binary-expr","locations":[{"start":{"line":91,"column":42},"end":{"line":91,"column":73}},{"start":{"line":91,"column":77},"end":{"line":99,"column":9}}]},"10":{"line":102,"type":"binary-expr","locations":[{"start":{"line":102,"column":18},"end":{"line":102,"column":32}},{"start":{"line":103,"column":12},"end":{"line":103,"column":53}},{"start":{"line":104,"column":12},"end":{"line":104,"column":61}}]},"11":{"line":112,"type":"binary-expr","locations":[{"start":{"line":112,"column":45},"end":{"line":112,"column":79},"skip":true},{"start":{"line":112,"column":83},"end":{"line":121,"column":9},"skip":true}]},"12":{"line":123,"type":"binary-expr","locations":[{"start":{"line":123,"column":42},"end":{"line":123,"column":73},"skip":true},{"start":{"line":123,"column":77},"end":{"line":136,"column":9},"skip":true}]},"13":{"line":138,"type":"binary-expr","locations":[{"start":{"line":138,"column":48},"end":{"line":138,"column":85},"skip":true},{"start":{"line":139,"column":12},"end":{"line":145,"column":13},"skip":true}]},"14":{"line":147,"type":"binary-expr","locations":[{"start":{"line":147,"column":42},"end":{"line":147,"column":73},"skip":true},{"start":{"line":147,"column":77},"end":{"line":156,"column":9},"skip":true}]},"15":{"line":158,"type":"binary-expr","locations":[{"start":{"line":158,"column":45},"end":{"line":158,"column":79},"skip":true},{"start":{"line":158,"column":83},"end":{"line":167,"column":9},"skip":true}]},"16":{"line":169,"type":"binary-expr","locations":[{"start":{"line":169,"column":43},"end":{"line":169,"column":75},"skip":true},{"start":{"line":169,"column":79},"end":{"line":178,"column":9},"skip":true}]},"17":{"line":180,"type":"binary-expr","locations":[{"start":{"line":180,"column":41},"end":{"line":180,"column":71},"skip":true},{"start":{"line":180,"column":75},"end":{"line":189,"column":9},"skip":true}]}},"code":["/* istanbul instrument in package npmtest_documentdb */","/*jslint","    bitwise: true,","    browser: true,","    maxerr: 8,","    maxlen: 96,","    node: true,","    nomen: true,","    regexp: true,","    stupid: true","*/","(function () {","    'use strict';","    var local;","","","","    // run shared js-env code - pre-init","    (function () {","        // init local","        local = {};","        // init modeJs","        local.modeJs = (function () {","            try {","                return typeof navigator.userAgent === 'string' &&","                    typeof document.querySelector('body') === 'object' &&","                    typeof XMLHttpRequest.prototype.open === 'function' &&","                    'browser';","            } catch (errorCaughtBrowser) {","                return module.exports &&","                    typeof process.versions.node === 'string' &&","                    typeof require('http').createServer === 'function' &&","                    'node';","            }","        }());","        // init global","        local.global = local.modeJs === 'browser'","            ? window","            : global;","        switch (local.modeJs) {","        // re-init local from window.local","        case 'browser':","            local = local.global.utility2.objectSetDefault(","                local.global.utility2_rollup || local.global.local,","                local.global.utility2","            );","            break;","        // re-init local from example.js","        case 'node':","            local = (local.global.utility2_rollup || require('utility2'))","                .requireReadme();","            break;","        }","        // export local","        local.global.local = local;","    }());","","","","    // run shared js-env code - function","    (function () {","        return;","    }());","    switch (local.modeJs) {","","","","    // run browser js-env code - function","    case 'browser':","        break;","","","","    // run node js-env code - function","    case 'node':","        break;","    }","","","","    // run shared js-env code - post-init","    (function () {","        return;","    }());","    switch (local.modeJs) {","","","","    // run browser js-env code - post-init","    case 'browser':","        local.testCase_browser_nullCase = local.testCase_browser_nullCase || function (","            options,","            onError","        ) {","        /*","         * this function will test browsers's null-case handling-behavior-behavior","         */","            onError(null, options);","        };","","        // run tests","        local.nop(local.modeTest &&","            document.querySelector('#testRunButton1') &&","            document.querySelector('#testRunButton1').click());","        break;","","","","    // run node js-env code - post-init","    /* istanbul ignore next */","    case 'node':","        local.testCase_buildApidoc_default = local.testCase_buildApidoc_default || function (","            options,","            onError","        ) {","        /*","         * this function will test buildApidoc's default handling-behavior-behavior","         */","            options = { modulePathList: module.paths };","            local.buildApidoc(options, onError);","        };","","        local.testCase_buildApp_default = local.testCase_buildApp_default || function (","            options,","            onError","        ) {","        /*","         * this function will test buildApp's default handling-behavior-behavior","         */","            local.testCase_buildReadme_default(options, local.onErrorThrow);","            local.testCase_buildLib_default(options, local.onErrorThrow);","            local.testCase_buildTest_default(options, local.onErrorThrow);","            local.testCase_buildCustomOrg_default(options, local.onErrorThrow);","            options = [];","            local.buildApp(options, onError);","        };","","        local.testCase_buildCustomOrg_default = local.testCase_buildCustomOrg_default ||","            function (options, onError) {","            /*","             * this function will test buildCustomOrg's default handling-behavior","             */","                options = {};","                local.buildCustomOrg(options, onError);","            };","","        local.testCase_buildLib_default = local.testCase_buildLib_default || function (","            options,","            onError","        ) {","        /*","         * this function will test buildLib's default handling-behavior","         */","            options = {};","            local.buildLib(options, onError);","        };","","        local.testCase_buildReadme_default = local.testCase_buildReadme_default || function (","            options,","            onError","        ) {","        /*","         * this function will test buildReadme's default handling-behavior-behavior","         */","            options = {};","            local.buildReadme(options, onError);","        };","","        local.testCase_buildTest_default = local.testCase_buildTest_default || function (","            options,","            onError","        ) {","        /*","         * this function will test buildTest's default handling-behavior","         */","            options = {};","            local.buildTest(options, onError);","        };","","        local.testCase_webpage_default = local.testCase_webpage_default || function (","            options,","            onError","        ) {","        /*","         * this function will test webpage's default handling-behavior","         */","            options = { modeCoverageMerge: true, url: local.serverLocalHost + '?modeTest=1' };","            local.browserTest(options, onError);","        };","","        // run test-server","        local.testRunServer(local);","        break;","    }","}());",""],"l":{"12":2,"14":2,"19":2,"21":2,"23":2,"24":2,"25":2,"30":1,"37":2,"40":2,"43":1,"47":1,"50":1,"52":1,"55":2,"61":2,"62":2,"64":2,"70":1,"76":1,"82":2,"83":2,"85":2,"91":1,"98":1,"102":1,"105":1,"112":1,"119":1,"120":1,"123":1,"130":1,"131":1,"132":1,"133":1,"134":1,"135":1,"138":1,"143":2,"144":2,"147":1,"154":2,"155":2,"158":1,"165":2,"166":2,"169":1,"176":2,"177":2,"180":1,"187":1,"188":1,"192":1,"193":1}},"/home/travis/build/npmtest/node-npmtest-documentdb/lib.npmtest_documentdb.js":{"path":"/home/travis/build/npmtest/node-npmtest-documentdb/lib.npmtest_documentdb.js","s":{"1":2,"2":2,"3":2,"4":2,"5":2,"6":2,"7":2,"8":1,"9":2,"10":2,"11":2,"12":2,"13":1,"14":1,"15":1,"16":1},"b":{"1":[2,1,1,1],"2":[1,1,1,1],"3":[1,1],"4":[2,2],"5":[1,1]},"f":{"1":2,"2":2,"3":2},"fnMap":{"1":{"name":"(anonymous_1)","line":12,"loc":{"start":{"line":12,"column":1},"end":{"line":12,"column":13}}},"2":{"name":"(anonymous_2)","line":19,"loc":{"start":{"line":19,"column":5},"end":{"line":19,"column":17}}},"3":{"name":"(anonymous_3)","line":23,"loc":{"start":{"line":23,"column":24},"end":{"line":23,"column":36}}}},"statementMap":{"1":{"start":{"line":12,"column":0},"end":{"line":53,"column":5}},"2":{"start":{"line":14,"column":4},"end":{"line":14,"column":14}},"3":{"start":{"line":19,"column":4},"end":{"line":52,"column":9}},"4":{"start":{"line":21,"column":8},"end":{"line":21,"column":19}},"5":{"start":{"line":23,"column":8},"end":{"line":35,"column":13}},"6":{"start":{"line":24,"column":12},"end":{"line":34,"column":13}},"7":{"start":{"line":25,"column":16},"end":{"line":28,"column":30}},"8":{"start":{"line":30,"column":16},"end":{"line":33,"column":27}},"9":{"start":{"line":37,"column":8},"end":{"line":39,"column":21}},"10":{"start":{"line":41,"column":8},"end":{"line":41,"column":54}},"11":{"start":{"line":43,"column":8},"end":{"line":43,"column":55}},"12":{"start":{"line":45,"column":8},"end":{"line":51,"column":9}},"13":{"start":{"line":46,"column":12},"end":{"line":46,"column":61}},"14":{"start":{"line":48,"column":12},"end":{"line":48,"column":35}},"15":{"start":{"line":49,"column":12},"end":{"line":49,"column":49}},"16":{"start":{"line":50,"column":12},"end":{"line":50,"column":43}}},"branchMap":{"1":{"line":25,"type":"binary-expr","locations":[{"start":{"line":25,"column":23},"end":{"line":25,"column":62}},{"start":{"line":26,"column":20},"end":{"line":26,"column":70}},{"start":{"line":27,"column":20},"end":{"line":27,"column":71}},{"start":{"line":28,"column":20},"end":{"line":28,"column":29}}]},"2":{"line":30,"type":"binary-expr","locations":[{"start":{"line":30,"column":23},"end":{"line":30,"column":37}},{"start":{"line":31,"column":20},"end":{"line":31,"column":61}},{"start":{"line":32,"column":20},"end":{"line":32,"column":70}},{"start":{"line":33,"column":20},"end":{"line":33,"column":26}}]},"3":{"line":37,"type":"cond-expr","locations":[{"start":{"line":38,"column":14},"end":{"line":38,"column":20}},{"start":{"line":39,"column":14},"end":{"line":39,"column":20}}]},"4":{"line":41,"type":"binary-expr","locations":[{"start":{"line":41,"column":16},"end":{"line":41,"column":44}},{"start":{"line":41,"column":48},"end":{"line":41,"column":53}}]},"5":{"line":45,"type":"if","locations":[{"start":{"line":45,"column":8},"end":{"line":45,"column":8}},{"start":{"line":45,"column":8},"end":{"line":45,"column":8}}]}},"code":["/* istanbul instrument in package npmtest_documentdb */","/*jslint","    bitwise: true,","    browser: true,","    maxerr: 8,","    maxlen: 96,","    node: true,","    nomen: true,","    regexp: true,","    stupid: true","*/","(function () {","    'use strict';","    var local;","","","","    // run shared js-env code - pre-init","    (function () {","        // init local","        local = {};","        // init modeJs","        local.modeJs = (function () {","            try {","                return typeof navigator.userAgent === 'string' &&","                    typeof document.querySelector('body') === 'object' &&","                    typeof XMLHttpRequest.prototype.open === 'function' &&","                    'browser';","            } catch (errorCaughtBrowser) {","                return module.exports &&","                    typeof process.versions.node === 'string' &&","                    typeof require('http').createServer === 'function' &&","                    'node';","            }","        }());","        // init global","        local.global = local.modeJs === 'browser'","            ? window","            : global;","        // init utility2_rollup","        local = local.global.utility2_rollup || local;","        // init lib","        local.local = local.npmtest_documentdb = local;","        // init exports","        if (local.modeJs === 'browser') {","            local.global.utility2_npmtest_documentdb = local;","        } else {","            module.exports = local;","            module.exports.__dirname = __dirname;","            module.exports.module = module;","        }","    }());","}());",""],"l":{"12":2,"14":2,"19":2,"21":2,"23":2,"24":2,"25":2,"30":1,"37":2,"41":2,"43":2,"45":2,"46":1,"48":1,"49":1,"50":1}},"/home/travis/build/npmtest/node-npmtest-documentdb/example.js":{"path":"/home/travis/build/npmtest/node-npmtest-documentdb/example.js","s":{"1":2,"2":2,"3":2,"4":2,"5":2,"6":2,"7":2,"8":1,"9":2,"10":2,"11":2,"12":2,"13":1,"14":2,"15":2,"16":2,"17":2,"18":2,"19":0,"20":2,"21":1,"22":1,"23":1,"24":1,"25":1,"26":0,"27":0,"28":1,"29":1,"30":2,"31":0,"32":0,"33":0,"34":1,"35":2,"36":2,"37":3,"38":3,"39":3,"40":3,"41":0,"42":3,"43":3,"44":3,"45":1,"46":3,"47":1,"48":1,"49":1,"50":1,"51":1,"52":1,"53":1,"54":1,"55":1,"56":1,"57":0,"58":1,"59":6,"60":6,"61":1,"62":2,"63":0,"64":2,"65":1,"66":1,"67":0,"68":0,"69":0,"70":0,"71":0,"72":0,"73":0,"74":0,"75":0,"76":0,"77":0,"78":0,"79":0,"80":0,"81":0,"82":0,"83":0},"b":{"1":[2,1,1,1],"2":[1,1,1,1],"3":[1,1],"4":[2,2],"5":[1,1],"6":[1,1],"7":[2,0],"8":[2,1,1,1,1,1],"9":[0,2,0],"10":[1,1],"11":[2,1,1],"12":[1,0],"13":[0,2],"14":[2,0,0,0,0,0,0],"15":[0,3],"16":[3,0],"17":[1,1],"18":[0,1],"19":[1,2,0,2],"20":[1,0],"21":[1,1],"22":[0,0],"23":[0,0],"24":[0,0],"25":[0,0],"26":[0,0],"27":[0,0],"28":[0,0]},"f":{"1":2,"2":2,"3":2,"4":2,"5":2,"6":2,"7":3,"8":3,"9":3,"10":1,"11":6,"12":0},"fnMap":{"1":{"name":"(anonymous_1)","line":26,"loc":{"start":{"line":26,"column":1},"end":{"line":26,"column":13}}},"2":{"name":"(anonymous_2)","line":33,"loc":{"start":{"line":33,"column":5},"end":{"line":33,"column":17}}},"3":{"name":"(anonymous_3)","line":37,"loc":{"start":{"line":37,"column":24},"end":{"line":37,"column":36}}},"4":{"name":"(anonymous_4)","line":69,"loc":{"start":{"line":69,"column":31},"end":{"line":69,"column":48}},"skip":true},"5":{"name":"(anonymous_5)","line":78,"loc":{"start":{"line":78,"column":26},"end":{"line":78,"column":45}},"skip":true},"6":{"name":"(anonymous_6)","line":123,"loc":{"start":{"line":123,"column":33},"end":{"line":123,"column":48}},"skip":true},"7":{"name":"(anonymous_7)","line":125,"loc":{"start":{"line":125,"column":27},"end":{"line":125,"column":39}},"skip":true},"8":{"name":"(anonymous_8)","line":133,"loc":{"start":{"line":133,"column":59},"end":{"line":133,"column":74}},"skip":true},"9":{"name":"(anonymous_9)","line":143,"loc":{"start":{"line":143,"column":45},"end":{"line":143,"column":62}},"skip":true},"10":{"name":"(anonymous_10)","line":144,"loc":{"start":{"line":144,"column":73},"end":{"line":144,"column":92}},"skip":true},"11":{"name":"(anonymous_11)","line":272,"loc":{"start":{"line":272,"column":51},"end":{"line":272,"column":77}},"skip":true},"12":{"name":"(anonymous_12)","line":315,"loc":{"start":{"line":315,"column":32},"end":{"line":315,"column":61}},"skip":true}},"statementMap":{"1":{"start":{"line":26,"column":0},"end":{"line":326,"column":5}},"2":{"start":{"line":28,"column":4},"end":{"line":28,"column":14}},"3":{"start":{"line":33,"column":4},"end":{"line":60,"column":9}},"4":{"start":{"line":35,"column":8},"end":{"line":35,"column":19}},"5":{"start":{"line":37,"column":8},"end":{"line":49,"column":13}},"6":{"start":{"line":38,"column":12},"end":{"line":48,"column":13}},"7":{"start":{"line":39,"column":16},"end":{"line":42,"column":30}},"8":{"start":{"line":44,"column":16},"end":{"line":47,"column":27}},"9":{"start":{"line":51,"column":8},"end":{"line":53,"column":21}},"10":{"start":{"line":55,"column":8},"end":{"line":57,"column":45}},"11":{"start":{"line":59,"column":8},"end":{"line":59,"column":35}},"12":{"start":{"line":61,"column":4},"end":{"line":325,"column":5}},"13":{"start":{"line":69,"column":8},"end":{"line":121,"column":10},"skip":true},"14":{"start":{"line":70,"column":12},"end":{"line":88,"column":13},"skip":true},"15":{"start":{"line":76,"column":16},"end":{"line":87,"column":19},"skip":true},"16":{"start":{"line":79,"column":20},"end":{"line":86,"column":21},"skip":true},"17":{"start":{"line":82,"column":24},"end":{"line":82,"column":43},"skip":true},"18":{"start":{"line":83,"column":24},"end":{"line":83,"column":30},"skip":true},"19":{"start":{"line":85,"column":24},"end":{"line":85,"column":49},"skip":true},"20":{"start":{"line":89,"column":12},"end":{"line":107,"column":13},"skip":true},"21":{"start":{"line":92,"column":16},"end":{"line":102,"column":17},"skip":true},"22":{"start":{"line":93,"column":20},"end":{"line":93,"column":86},"skip":true},"23":{"start":{"line":94,"column":20},"end":{"line":95,"column":45},"skip":true},"24":{"start":{"line":96,"column":20},"end":{"line":96,"column":42},"skip":true},"25":{"start":{"line":97,"column":20},"end":{"line":97,"column":48},"skip":true},"26":{"start":{"line":100,"column":20},"end":{"line":100,"column":85},"skip":true},"27":{"start":{"line":101,"column":20},"end":{"line":101,"column":96},"skip":true},"28":{"start":{"line":103,"column":16},"end":{"line":103,"column":22},"skip":true},"29":{"start":{"line":106,"column":16},"end":{"line":106,"column":22},"skip":true},"30":{"start":{"line":108,"column":12},"end":{"line":120,"column":13},"skip":true},"31":{"start":{"line":114,"column":16},"end":{"line":119,"column":17},"skip":true},"32":{"start":{"line":116,"column":20},"end":{"line":116,"column":78},"skip":true},"33":{"start":{"line":118,"column":20},"end":{"line":118,"column":47},"skip":true},"34":{"start":{"line":123,"column":8},"end":{"line":141,"column":11},"skip":true},"35":{"start":{"line":124,"column":12},"end":{"line":124,"column":54},"skip":true},"36":{"start":{"line":125,"column":12},"end":{"line":140,"column":14},"skip":true},"37":{"start":{"line":126,"column":16},"end":{"line":126,"column":28},"skip":true},"38":{"start":{"line":127,"column":16},"end":{"line":127,"column":69},"skip":true},"39":{"start":{"line":128,"column":16},"end":{"line":128,"column":75},"skip":true},"40":{"start":{"line":129,"column":16},"end":{"line":131,"column":17},"skip":true},"41":{"start":{"line":130,"column":20},"end":{"line":130,"column":27},"skip":true},"42":{"start":{"line":133,"column":16},"end":{"line":137,"column":36},"skip":true},"43":{"start":{"line":134,"column":20},"end":{"line":136,"column":55},"skip":true},"44":{"start":{"line":139,"column":16},"end":{"line":139,"column":57},"skip":true},"45":{"start":{"line":143,"column":8},"end":{"line":147,"column":11},"skip":true},"46":{"start":{"line":144,"column":12},"end":{"line":146,"column":15},"skip":true},"47":{"start":{"line":145,"column":16},"end":{"line":145,"column":70},"skip":true},"48":{"start":{"line":149,"column":8},"end":{"line":149,"column":31},"skip":true},"49":{"start":{"line":150,"column":8},"end":{"line":150,"column":14},"skip":true},"50":{"start":{"line":158,"column":8},"end":{"line":158,"column":31},"skip":true},"51":{"start":{"line":160,"column":8},"end":{"line":160,"column":33},"skip":true},"52":{"start":{"line":161,"column":8},"end":{"line":161,"column":37},"skip":true},"53":{"start":{"line":162,"column":8},"end":{"line":162,"column":35},"skip":true},"54":{"start":{"line":164,"column":8},"end":{"line":164,"column":50},"skip":true},"55":{"start":{"line":166,"column":8},"end":{"line":256,"column":2},"skip":true},"56":{"start":{"line":258,"column":8},"end":{"line":286,"column":9},"skip":true},"57":{"start":{"line":259,"column":12},"end":{"line":269,"column":14},"skip":true},"58":{"start":{"line":271,"column":12},"end":{"line":285,"column":19},"skip":true},"59":{"start":{"line":274,"column":20},"end":{"line":274,"column":35},"skip":true},"60":{"start":{"line":275,"column":20},"end":{"line":284,"column":21},"skip":true},"61":{"start":{"line":277,"column":24},"end":{"line":277,"column":64},"skip":true},"62":{"start":{"line":279,"column":24},"end":{"line":279,"column":40},"skip":true},"63":{"start":{"line":281,"column":24},"end":{"line":281,"column":40},"skip":true},"64":{"start":{"line":283,"column":24},"end":{"line":283,"column":39},"skip":true},"65":{"start":{"line":288,"column":8},"end":{"line":290,"column":9},"skip":true},"66":{"start":{"line":289,"column":12},"end":{"line":289,"column":18},"skip":true},"67":{"start":{"line":291,"column":8},"end":{"line":293,"column":54},"skip":true},"68":{"start":{"line":296,"column":8},"end":{"line":301,"column":37},"skip":true},"69":{"start":{"line":303,"column":8},"end":{"line":303,"column":82},"skip":true},"70":{"start":{"line":306,"column":8},"end":{"line":308,"column":9},"skip":true},"71":{"start":{"line":307,"column":12},"end":{"line":307,"column":82},"skip":true},"72":{"start":{"line":310,"column":8},"end":{"line":312,"column":9},"skip":true},"73":{"start":{"line":311,"column":12},"end":{"line":311,"column":18},"skip":true},"74":{"start":{"line":313,"column":8},"end":{"line":313,"column":54},"skip":true},"75":{"start":{"line":314,"column":8},"end":{"line":314,"column":69},"skip":true},"76":{"start":{"line":315,"column":8},"end":{"line":323,"column":36},"skip":true},"77":{"start":{"line":316,"column":12},"end":{"line":316,"column":61},"skip":true},"78":{"start":{"line":317,"column":12},"end":{"line":320,"column":13},"skip":true},"79":{"start":{"line":318,"column":16},"end":{"line":318,"column":75},"skip":true},"80":{"start":{"line":319,"column":16},"end":{"line":319,"column":23},"skip":true},"81":{"start":{"line":321,"column":12},"end":{"line":321,"column":38},"skip":true},"82":{"start":{"line":322,"column":12},"end":{"line":322,"column":27},"skip":true},"83":{"start":{"line":324,"column":8},"end":{"line":324,"column":14},"skip":true}},"branchMap":{"1":{"line":39,"type":"binary-expr","locations":[{"start":{"line":39,"column":23},"end":{"line":39,"column":62}},{"start":{"line":40,"column":20},"end":{"line":40,"column":70}},{"start":{"line":41,"column":20},"end":{"line":41,"column":71}},{"start":{"line":42,"column":20},"end":{"line":42,"column":29}}]},"2":{"line":44,"type":"binary-expr","locations":[{"start":{"line":44,"column":23},"end":{"line":44,"column":37}},{"start":{"line":45,"column":20},"end":{"line":45,"column":61}},{"start":{"line":46,"column":20},"end":{"line":46,"column":70}},{"start":{"line":47,"column":20},"end":{"line":47,"column":26}}]},"3":{"line":51,"type":"cond-expr","locations":[{"start":{"line":52,"column":14},"end":{"line":52,"column":20}},{"start":{"line":53,"column":14},"end":{"line":53,"column":20}}]},"4":{"line":55,"type":"binary-expr","locations":[{"start":{"line":55,"column":16},"end":{"line":55,"column":44}},{"start":{"line":55,"column":49},"end":{"line":57,"column":43}}]},"5":{"line":55,"type":"cond-expr","locations":[{"start":{"line":56,"column":14},"end":{"line":56,"column":54}},{"start":{"line":57,"column":14},"end":{"line":57,"column":43}}]},"6":{"line":61,"type":"switch","locations":[{"start":{"line":68,"column":4},"end":{"line":150,"column":14},"skip":true},{"start":{"line":156,"column":4},"end":{"line":324,"column":14},"skip":true}]},"7":{"line":70,"type":"if","locations":[{"start":{"line":70,"column":12},"end":{"line":70,"column":12},"skip":true},{"start":{"line":70,"column":12},"end":{"line":70,"column":12},"skip":true}]},"8":{"line":70,"type":"binary-expr","locations":[{"start":{"line":70,"column":16},"end":{"line":70,"column":22},"skip":true},{"start":{"line":70,"column":27},"end":{"line":70,"column":32},"skip":true},{"start":{"line":71,"column":20},"end":{"line":71,"column":39},"skip":true},{"start":{"line":72,"column":20},"end":{"line":72,"column":49},"skip":true},{"start":{"line":73,"column":20},"end":{"line":73,"column":58},"skip":true},{"start":{"line":74,"column":20},"end":{"line":74,"column":69},"skip":true}]},"9":{"line":79,"type":"switch","locations":[{"start":{"line":80,"column":20},"end":{"line":80,"column":33},"skip":true},{"start":{"line":81,"column":20},"end":{"line":83,"column":30},"skip":true},{"start":{"line":84,"column":20},"end":{"line":85,"column":49},"skip":true}]},"10":{"line":89,"type":"switch","locations":[{"start":{"line":90,"column":12},"end":{"line":103,"column":22},"skip":true},{"start":{"line":105,"column":12},"end":{"line":106,"column":22},"skip":true}]},"11":{"line":89,"type":"binary-expr","locations":[{"start":{"line":89,"column":20},"end":{"line":89,"column":25},"skip":true},{"start":{"line":89,"column":29},"end":{"line":89,"column":48},"skip":true},{"start":{"line":89,"column":52},"end":{"line":89,"column":74},"skip":true}]},"12":{"line":92,"type":"if","locations":[{"start":{"line":92,"column":16},"end":{"line":92,"column":16},"skip":true},{"start":{"line":92,"column":16},"end":{"line":92,"column":16},"skip":true}]},"13":{"line":108,"type":"if","locations":[{"start":{"line":108,"column":12},"end":{"line":108,"column":12},"skip":true},{"start":{"line":108,"column":12},"end":{"line":108,"column":12},"skip":true}]},"14":{"line":108,"type":"binary-expr","locations":[{"start":{"line":108,"column":16},"end":{"line":108,"column":61},"skip":true},{"start":{"line":108,"column":66},"end":{"line":108,"column":72},"skip":true},{"start":{"line":108,"column":77},"end":{"line":108,"column":82},"skip":true},{"start":{"line":109,"column":20},"end":{"line":109,"column":39},"skip":true},{"start":{"line":110,"column":20},"end":{"line":110,"column":49},"skip":true},{"start":{"line":111,"column":20},"end":{"line":111,"column":58},"skip":true},{"start":{"line":112,"column":20},"end":{"line":112,"column":68},"skip":true}]},"15":{"line":129,"type":"if","locations":[{"start":{"line":129,"column":16},"end":{"line":129,"column":16},"skip":true},{"start":{"line":129,"column":16},"end":{"line":129,"column":16},"skip":true}]},"16":{"line":134,"type":"cond-expr","locations":[{"start":{"line":135,"column":26},"end":{"line":135,"column":29},"skip":true},{"start":{"line":136,"column":26},"end":{"line":136,"column":54},"skip":true}]},"17":{"line":164,"type":"binary-expr","locations":[{"start":{"line":164,"column":27},"end":{"line":164,"column":43},"skip":true},{"start":{"line":164,"column":47},"end":{"line":164,"column":49},"skip":true}]},"18":{"line":258,"type":"if","locations":[{"start":{"line":258,"column":8},"end":{"line":258,"column":8},"skip":true},{"start":{"line":258,"column":8},"end":{"line":258,"column":8},"skip":true}]},"19":{"line":275,"type":"switch","locations":[{"start":{"line":276,"column":20},"end":{"line":277,"column":64},"skip":true},{"start":{"line":278,"column":20},"end":{"line":279,"column":40},"skip":true},{"start":{"line":280,"column":20},"end":{"line":281,"column":40},"skip":true},{"start":{"line":282,"column":20},"end":{"line":283,"column":39},"skip":true}]},"20":{"line":288,"type":"if","locations":[{"start":{"line":288,"column":8},"end":{"line":288,"column":8},"skip":true},{"start":{"line":288,"column":8},"end":{"line":288,"column":8},"skip":true}]},"21":{"line":288,"type":"binary-expr","locations":[{"start":{"line":288,"column":12},"end":{"line":288,"column":40},"skip":true},{"start":{"line":288,"column":44},"end":{"line":288,"column":67},"skip":true}]},"22":{"line":292,"type":"binary-expr","locations":[{"start":{"line":292,"column":12},"end":{"line":292,"column":50},"skip":true},{"start":{"line":293,"column":12},"end":{"line":293,"column":53},"skip":true}]},"23":{"line":297,"type":"binary-expr","locations":[{"start":{"line":297,"column":12},"end":{"line":297,"column":68},"skip":true},{"start":{"line":298,"column":12},"end":{"line":301,"column":36},"skip":true}]},"24":{"line":303,"type":"binary-expr","locations":[{"start":{"line":303,"column":43},"end":{"line":303,"column":75},"skip":true},{"start":{"line":303,"column":79},"end":{"line":303,"column":81},"skip":true}]},"25":{"line":306,"type":"if","locations":[{"start":{"line":306,"column":8},"end":{"line":306,"column":8},"skip":true},{"start":{"line":306,"column":8},"end":{"line":306,"column":8},"skip":true}]},"26":{"line":310,"type":"if","locations":[{"start":{"line":310,"column":8},"end":{"line":310,"column":8},"skip":true},{"start":{"line":310,"column":8},"end":{"line":310,"column":8},"skip":true}]},"27":{"line":313,"type":"binary-expr","locations":[{"start":{"line":313,"column":27},"end":{"line":313,"column":43},"skip":true},{"start":{"line":313,"column":47},"end":{"line":313,"column":53},"skip":true}]},"28":{"line":317,"type":"if","locations":[{"start":{"line":317,"column":12},"end":{"line":317,"column":12},"skip":true},{"start":{"line":317,"column":12},"end":{"line":317,"column":12},"skip":true}]}},"code":["/*","example.js","","quickstart example","","instruction","    1. save this script as example.js","    2. run the shell command:","        $ npm install npmtest-documentdb && PORT=8081 node example.js","    3. play with the browser-demo on http://127.0.0.1:8081","*/","","","","/* istanbul instrument in package npmtest_documentdb */","/*jslint","    bitwise: true,","    browser: true,","    maxerr: 8,","    maxlen: 96,","    node: true,","    nomen: true,","    regexp: true,","    stupid: true","*/","(function () {","    'use strict';","    var local;","","","","    // run shared js-env code - pre-init","    (function () {","        // init local","        local = {};","        // init modeJs","        local.modeJs = (function () {","            try {","                return typeof navigator.userAgent === 'string' &&","                    typeof document.querySelector('body') === 'object' &&","                    typeof XMLHttpRequest.prototype.open === 'function' &&","                    'browser';","            } catch (errorCaughtBrowser) {","                return module.exports &&","                    typeof process.versions.node === 'string' &&","                    typeof require('http').createServer === 'function' &&","                    'node';","            }","        }());","        // init global","        local.global = local.modeJs === 'browser'","            ? window","            : global;","        // init utility2_rollup","        local = local.global.utility2_rollup || (local.modeJs === 'browser'","            ? local.global.utility2_npmtest_documentdb","            : global.utility2_moduleExports);","        // export local","        local.global.local = local;","    }());","    switch (local.modeJs) {","","","","    // post-init","    // run browser js-env code - post-init","    /* istanbul ignore next */","    case 'browser':","        local.testRunBrowser = function (event) {","            if (!event || (event &&","                    event.currentTarget &&","                    event.currentTarget.className &&","                    event.currentTarget.className.includes &&","                    event.currentTarget.className.includes('onreset'))) {","                // reset output","                Array.from(","                    document.querySelectorAll('body > .resettable')","                ).forEach(function (element) {","                    switch (element.tagName) {","                    case 'INPUT':","                    case 'TEXTAREA':","                        element.value = '';","                        break;","                    default:","                        element.textContent = '';","                    }","                });","            }","            switch (event && event.currentTarget && event.currentTarget.id) {","            case 'testRunButton1':","                // show tests","                if (document.querySelector('#testReportDiv1').style.display === 'none') {","                    document.querySelector('#testReportDiv1').style.display = 'block';","                    document.querySelector('#testRunButton1').textContent =","                        'hide internal test';","                    local.modeTest = true;","                    local.testRunDefault(local);","                // hide tests","                } else {","                    document.querySelector('#testReportDiv1').style.display = 'none';","                    document.querySelector('#testRunButton1').textContent = 'run internal test';","                }","                break;","            // custom-case","            default:","                break;","            }","            if (document.querySelector('#inputTextareaEval1') && (!event || (event &&","                    event.currentTarget &&","                    event.currentTarget.className &&","                    event.currentTarget.className.includes &&","                    event.currentTarget.className.includes('oneval')))) {","                // try to eval input-code","                try {","                    /*jslint evil: true*/","                    eval(document.querySelector('#inputTextareaEval1').value);","                } catch (errorCaught) {","                    console.error(errorCaught);","                }","            }","        };","        // log stderr and stdout to #outputTextareaStdout1","        ['error', 'log'].forEach(function (key) {","            console[key + '_original'] = console[key];","            console[key] = function () {","                var element;","                console[key + '_original'].apply(console, arguments);","                element = document.querySelector('#outputTextareaStdout1');","                if (!element) {","                    return;","                }","                // append text to #outputTextareaStdout1","                element.value += Array.from(arguments).map(function (arg) {","                    return typeof arg === 'string'","                        ? arg","                        : JSON.stringify(arg, null, 4);","                }).join(' ') + '\\n';","                // scroll textarea to bottom","                element.scrollTop = element.scrollHeight;","            };","        });","        // init event-handling","        ['change', 'click', 'keyup'].forEach(function (event) {","            Array.from(document.querySelectorAll('.on' + event)).forEach(function (element) {","                element.addEventListener(event, local.testRunBrowser);","            });","        });","        // run tests","        local.testRunBrowser();","        break;","","","","    // run node js-env code - post-init","    /* istanbul ignore next */","    case 'node':","        // export local","        module.exports = local;","        // require modules","        local.fs = require('fs');","        local.http = require('http');","        local.url = require('url');","        // init assets","        local.assetsDict = local.assetsDict || {};","        /* jslint-ignore-begin */","        local.assetsDict['/assets.index.template.html'] = '\\","<!doctype html>\\n\\","<html lang=\"en\">\\n\\","<head>\\n\\","<meta charset=\"UTF-8\">\\n\\","<meta name=\"viewport\" content=\"width=device-width, initial-scale=1\">\\n\\","<title>{{env.npm_package_name}} (v{{env.npm_package_version}})</title>\\n\\","<style>\\n\\","/*csslint\\n\\","    box-sizing: false,\\n\\","    universal-selector: false\\n\\","*/\\n\\","* {\\n\\","    box-sizing: border-box;\\n\\","}\\n\\","body {\\n\\","    background: #dde;\\n\\","    font-family: Arial, Helvetica, sans-serif;\\n\\","    margin: 2rem;\\n\\","}\\n\\","body > * {\\n\\","    margin-bottom: 1rem;\\n\\","}\\n\\",".utility2FooterDiv {\\n\\","    margin-top: 20px;\\n\\","    text-align: center;\\n\\","}\\n\\","</style>\\n\\","<style>\\n\\","/*csslint\\n\\","*/\\n\\","textarea {\\n\\","    font-family: monospace;\\n\\","    height: 10rem;\\n\\","    width: 100%;\\n\\","}\\n\\","textarea[readonly] {\\n\\","    background: #ddd;\\n\\","}\\n\\","</style>\\n\\","</head>\\n\\","<body>\\n\\","<!-- utility2-comment\\n\\","<div id=\"ajaxProgressDiv1\" style=\"background: #d00; height: 2px; left: 0; margin: 0; padding: 0; position: fixed; top: 0; transition: background 0.5s, width 1.5s; width: 25%;\"></div>\\n\\","utility2-comment -->\\n\\","<h1>\\n\\","<!-- utility2-comment\\n\\","    <a\\n\\","        {{#if env.npm_package_homepage}}\\n\\","        href=\"{{env.npm_package_homepage}}\"\\n\\","        {{/if env.npm_package_homepage}}\\n\\","        target=\"_blank\"\\n\\","    >\\n\\","utility2-comment -->\\n\\","        {{env.npm_package_name}} (v{{env.npm_package_version}})\\n\\","<!-- utility2-comment\\n\\","    </a>\\n\\","utility2-comment -->\\n\\","</h1>\\n\\","<h3>{{env.npm_package_description}}</h3>\\n\\","<!-- utility2-comment\\n\\","<h4><a download href=\"assets.app.js\">download standalone app</a></h4>\\n\\","<button class=\"onclick onreset\" id=\"testRunButton1\">run internal test</button><br>\\n\\","<div id=\"testReportDiv1\" style=\"display: none;\"></div>\\n\\","utility2-comment -->\\n\\","\\n\\","\\n\\","\\n\\","<label>stderr and stdout</label>\\n\\","<textarea class=\"resettable\" id=\"outputTextareaStdout1\" readonly></textarea>\\n\\","<!-- utility2-comment\\n\\","{{#if isRollup}}\\n\\","<script src=\"assets.app.js\"></script>\\n\\","{{#unless isRollup}}\\n\\","utility2-comment -->\\n\\","<script src=\"assets.utility2.rollup.js\"></script>\\n\\","<script src=\"jsonp.utility2._stateInit?callback=window.utility2._stateInit\"></script>\\n\\","<script src=\"assets.npmtest_documentdb.rollup.js\"></script>\\n\\","<script src=\"assets.example.js\"></script>\\n\\","<script src=\"assets.test.js\"></script>\\n\\","<!-- utility2-comment\\n\\","{{/if isRollup}}\\n\\","utility2-comment -->\\n\\","<div class=\"utility2FooterDiv\">\\n\\","    [ this app was created with\\n\\","    <a href=\"https://github.com/kaizhu256/node-utility2\" target=\"_blank\">utility2</a>\\n\\","    ]\\n\\","</div>\\n\\","</body>\\n\\","</html>\\n\\","';","        /* jslint-ignore-end */","        if (local.templateRender) {","            local.assetsDict['/'] = local.templateRender(","                local.assetsDict['/assets.index.template.html'],","                {","                    env: local.objectSetDefault(local.env, {","                        npm_package_description: 'the greatest app in the world!',","                        npm_package_name: 'my-app',","                        npm_package_nameAlias: 'my_app',","                        npm_package_version: '0.0.1'","                    })","                }","            );","        } else {","            local.assetsDict['/'] = local.assetsDict['/assets.index.template.html']","                .replace((/\\{\\{env\\.(\\w+?)\\}\\}/g), function (match0, match1) {","                    // jslint-hack","                    String(match0);","                    switch (match1) {","                    case 'npm_package_description':","                        return 'the greatest app in the world!';","                    case 'npm_package_name':","                        return 'my-app';","                    case 'npm_package_nameAlias':","                        return 'my_app';","                    case 'npm_package_version':","                        return '0.0.1';","                    }","                });","        }","        // run the cli","        if (local.global.utility2_rollup || module !== require.main) {","            break;","        }","        local.assetsDict['/assets.example.js'] =","            local.assetsDict['/assets.example.js'] ||","            local.fs.readFileSync(__filename, 'utf8');","        // bug-workaround - long $npm_package_buildCustomOrg","        /* jslint-ignore-begin */","        local.assetsDict['/assets.npmtest_documentdb.rollup.js'] =","            local.assetsDict['/assets.npmtest_documentdb.rollup.js'] ||","            local.fs.readFileSync(","                local.npmtest_documentdb.__dirname + '/lib.npmtest_documentdb.js',","                'utf8'","            ).replace((/^#!/), '//');","        /* jslint-ignore-end */","        local.assetsDict['/favicon.ico'] = local.assetsDict['/favicon.ico'] || '';","        // if $npm_config_timeout_exit exists,","        // then exit this process after $npm_config_timeout_exit ms","        if (Number(process.env.npm_config_timeout_exit)) {","            setTimeout(process.exit, Number(process.env.npm_config_timeout_exit));","        }","        // start server","        if (local.global.utility2_serverHttp1) {","            break;","        }","        process.env.PORT = process.env.PORT || '8081';","        console.error('server starting on port ' + process.env.PORT);","        local.http.createServer(function (request, response) {","            request.urlParsed = local.url.parse(request.url);","            if (local.assetsDict[request.urlParsed.pathname] !== undefined) {","                response.end(local.assetsDict[request.urlParsed.pathname]);","                return;","            }","            response.statusCode = 404;","            response.end();","        }).listen(process.env.PORT);","        break;","    }","}());",""],"l":{"26":2,"28":2,"33":2,"35":2,"37":2,"38":2,"39":2,"44":1,"51":2,"55":2,"59":2,"61":2,"69":1,"70":2,"76":2,"79":2,"82":2,"83":2,"85":1,"89":2,"92":1,"93":1,"94":1,"96":1,"97":1,"100":1,"101":1,"103":1,"106":1,"108":2,"114":1,"116":1,"118":1,"123":1,"124":2,"125":2,"126":3,"127":3,"128":3,"129":3,"130":1,"133":3,"134":3,"139":3,"143":1,"144":3,"145":1,"149":1,"150":1,"158":1,"160":1,"161":1,"162":1,"164":1,"166":1,"258":1,"259":1,"271":1,"274":6,"275":6,"277":1,"279":2,"281":1,"283":2,"288":1,"289":1,"291":1,"296":1,"303":1,"306":1,"307":1,"310":1,"311":1,"313":1,"314":1,"315":1,"316":1,"317":1,"318":1,"319":1,"321":1,"322":1,"324":1}},"/home/travis/build/npmtest/node-npmtest-documentdb/node_modules/documentdb/index.js":{"path":"/home/travis/build/npmtest/node-npmtest-documentdb/node_modules/documentdb/index.js","s":{"1":1},"b":{},"f":{},"fnMap":{},"statementMap":{"1":{"start":{"line":24,"column":0},"end":{"line":24,"column":35}}},"branchMap":{},"code":["/*","The MIT License (MIT)","Copyright (c) 2014 Microsoft Corporation","","Permission is hereby granted, free of charge, to any person obtaining a copy","of this software and associated documentation files (the \"Software\"), to deal","in the Software without restriction, including without limitation the rights","to use, copy, modify, merge, publish, distribute, sublicense, and/or sell","copies of the Software, and to permit persons to whom the Software is","furnished to do so, subject to the following conditions:","","The above copyright notice and this permission notice shall be included in all","copies or substantial portions of the Software.","","THE SOFTWARE IS PROVIDED \"AS IS\", WITHOUT WARRANTY OF ANY KIND, EXPRESS OR","IMPLIED, INCLUDING BUT NOT LIMITED TO THE WARRANTIES OF MERCHANTABILITY,","FITNESS FOR A PARTICULAR PURPOSE AND NONINFRINGEMENT. IN NO EVENT SHALL THE","AUTHORS OR COPYRIGHT HOLDERS BE LIABLE FOR ANY CLAIM, DAMAGES OR OTHER","LIABILITY, WHETHER IN AN ACTION OF CONTRACT, TORT OR OTHERWISE, ARISING FROM,","OUT OF OR IN CONNECTION WITH THE SOFTWARE OR THE USE OR OTHER DEALINGS IN THE","SOFTWARE.","*/","","module.exports = require('./lib/');"],"l":{"24":1}},"/home/travis/build/npmtest/node-npmtest-documentdb/node_modules/documentdb/lib/index.js":{"path":"/home/travis/build/npmtest/node-npmtest-documentdb/node_modules/documentdb/lib/index.js","s":{"1":1,"2":1,"3":1,"4":1,"5":1,"6":1,"7":1,"8":1,"9":1,"10":1},"b":{"1":[1,0]},"f":{},"fnMap":{},"statementMap":{"1":{"start":{"line":26,"column":0},"end":{"line":28,"column":31}},"2":{"start":{"line":30,"column":0},"end":{"line":39,"column":1}},"3":{"start":{"line":31,"column":4},"end":{"line":31,"column":51}},"4":{"start":{"line":32,"column":4},"end":{"line":32,"column":47}},"5":{"start":{"line":33,"column":4},"end":{"line":33,"column":31}},"6":{"start":{"line":34,"column":4},"end":{"line":34,"column":41}},"7":{"start":{"line":35,"column":4},"end":{"line":35,"column":47}},"8":{"start":{"line":36,"column":4},"end":{"line":36,"column":32}},"9":{"start":{"line":37,"column":4},"end":{"line":37,"column":66}},"10":{"start":{"line":38,"column":4},"end":{"line":38,"column":63}}},"branchMap":{"1":{"line":30,"type":"if","locations":[{"start":{"line":30,"column":0},"end":{"line":30,"column":0}},{"start":{"line":30,"column":0},"end":{"line":30,"column":0}}]}},"code":["/*","The MIT License (MIT)","Copyright (c) 2014 Microsoft Corporation","","Permission is hereby granted, free of charge, to any person obtaining a copy","of this software and associated documentation files (the \"Software\"), to deal","in the Software without restriction, including without limitation the rights","to use, copy, modify, merge, publish, distribute, sublicense, and/or sell","copies of the Software, and to permit persons to whom the Software is","furnished to do so, subject to the following conditions:","","The above copyright notice and this permission notice shall be included in all","copies or substantial portions of the Software.","","THE SOFTWARE IS PROVIDED \"AS IS\", WITHOUT WARRANTY OF ANY KIND, EXPRESS OR","IMPLIED, INCLUDING BUT NOT LIMITED TO THE WARRANTIES OF MERCHANTABILITY,","FITNESS FOR A PARTICULAR PURPOSE AND NONINFRINGEMENT. IN NO EVENT SHALL THE","AUTHORS OR COPYRIGHT HOLDERS BE LIABLE FOR ANY CLAIM, DAMAGES OR OTHER","LIABILITY, WHETHER IN AN ACTION OF CONTRACT, TORT OR OTHERWISE, ARISING FROM,","OUT OF OR IN CONNECTION WITH THE SOFTWARE OR THE USE OR OTHER DEALINGS IN THE","SOFTWARE.","*/","","\"use strict\";","","var Client = require(\"./documentclient\")","  , Hash = require(\"./hash/hashPartitionResolver\")","  , Range = require(\"./range\");","","if (typeof exports !== \"undefined\") {","    exports.DocumentClient = Client.DocumentClient;","    exports.DocumentBase = Client.DocumentBase;","    exports.Base = Client.Base;","    exports.Constants = Client.Constants;","    exports.RetryOptions = Client.RetryOptions;","    exports.Range = Range.Range;","    exports.RangePartitionResolver = Range.RangePartitionResolver;","    exports.HashPartitionResolver = Hash.HashPartitionResolver;","}"],"l":{"26":1,"30":1,"31":1,"32":1,"33":1,"34":1,"35":1,"36":1,"37":1,"38":1}},"/home/travis/build/npmtest/node-npmtest-documentdb/node_modules/documentdb/lib/documentclient.js":{"path":"/home/travis/build/npmtest/node-npmtest-documentdb/node_modules/documentdb/lib/documentclient.js","s":{"1":1,"2":1,"3":0,"4":0,"5":0,"6":0,"7":0,"8":0,"9":0,"10":0,"11":0,"12":0,"13":0,"14":0,"15":0,"16":0,"17":0,"18":0,"19":0,"20":0,"21":0,"22":0,"23":0,"24":0,"25":0,"26":0,"27":0,"28":0,"29":0,"30":0,"31":0,"32":0,"33":0,"34":0,"35":0,"36":0,"37":0,"38":0,"39":0,"40":0,"41":0,"42":0,"43":0,"44":0,"45":0,"46":0,"47":0,"48":0,"49":0,"50":0,"51":0,"52":0,"53":0,"54":0,"55":0,"56":0,"57":0,"58":0,"59":0,"60":0,"61":0,"62":0,"63":0,"64":0,"65":0,"66":0,"67":0,"68":0,"69":0,"70":0,"71":0,"72":0,"73":0,"74":0,"75":0,"76":0,"77":0,"78":0,"79":0,"80":0,"81":0,"82":0,"83":0,"84":0,"85":0,"86":0,"87":0,"88":0,"89":0,"90":0,"91":0,"92":0,"93":0,"94":0,"95":0,"96":0,"97":0,"98":0,"99":0,"100":0,"101":0,"102":0,"103":0,"104":0,"105":0,"106":0,"107":0,"108":0,"109":0,"110":0,"111":0,"112":0,"113":0,"114":0,"115":0,"116":0,"117":0,"118":0,"119":0,"120":0,"121":0,"122":0,"123":0,"124":0,"125":0,"126":0,"127":0,"128":0,"129":0,"130":0,"131":0,"132":0,"133":0,"134":0,"135":0,"136":0,"137":0,"138":0,"139":0,"140":0,"141":0,"142":0,"143":0,"144":0,"145":0,"146":0,"147":0,"148":0,"149":0,"150":0,"151":0,"152":0,"153":0,"154":0,"155":0,"156":0,"157":0,"158":0,"159":0,"160":0,"161":0,"162":0,"163":0,"164":0,"165":0,"166":0,"167":0,"168":0,"169":0,"170":0,"171":0,"172":0,"173":0,"174":0,"175":0,"176":0,"177":0,"178":0,"179":0,"180":0,"181":0,"182":0,"183":0,"184":0,"185":0,"186":0,"187":0,"188":0,"189":0,"190":0,"191":0,"192":0,"193":0,"194":0,"195":0,"196":0,"197":0,"198":0,"199":0,"200":0,"201":0,"202":0,"203":0,"204":0,"205":0,"206":0,"207":0,"208":0,"209":0,"210":0,"211":0,"212":0,"213":0,"214":0,"215":0,"216":0,"217":0,"218":0,"219":0,"220":0,"221":0,"222":0,"223":0,"224":0,"225":0,"226":0,"227":0,"228":0,"229":0,"230":0,"231":0,"232":0,"233":0,"234":0,"235":0,"236":0,"237":0,"238":0,"239":0,"240":0,"241":0,"242":0,"243":0,"244":0,"245":0,"246":0,"247":0,"248":0,"249":0,"250":0,"251":0,"252":0,"253":0,"254":0,"255":0,"256":0,"257":0,"258":0,"259":0,"260":0,"261":0,"262":0,"263":0,"264":0,"265":0,"266":0,"267":0,"268":0,"269":0,"270":0,"271":0,"272":0,"273":0,"274":0,"275":0,"276":0,"277":0,"278":0,"279":0,"280":0,"281":0,"282":0,"283":0,"284":0,"285":0,"286":0,"287":0,"288":0,"289":0,"290":0,"291":0,"292":0,"293":0,"294":0,"295":0,"296":0,"297":0,"298":0,"299":0,"300":0,"301":0,"302":0,"303":0,"304":0,"305":0,"306":0,"307":0,"308":0,"309":0,"310":0,"311":0,"312":0,"313":0,"314":0,"315":0,"316":0,"317":0,"318":0,"319":0,"320":0,"321":0,"322":0,"323":0,"324":0,"325":0,"326":0,"327":0,"328":0,"329":0,"330":0,"331":0,"332":0,"333":0,"334":0,"335":0,"336":0,"337":0,"338":0,"339":0,"340":0,"341":0,"342":0,"343":0,"344":0,"345":0,"346":0,"347":0,"348":0,"349":0,"350":0,"351":0,"352":0,"353":0,"354":0,"355":0,"356":0,"357":0,"358":0,"359":0,"360":0,"361":0,"362":0,"363":0,"364":0,"365":0,"366":0,"367":0,"368":0,"369":0,"370":0,"371":0,"372":0,"373":0,"374":0,"375":0,"376":0,"377":0,"378":0,"379":0,"380":0,"381":0,"382":0,"383":0,"384":0,"385":0,"386":0,"387":0,"388":0,"389":0,"390":0,"391":0,"392":0,"393":0,"394":0,"395":0,"396":0,"397":0,"398":0,"399":0,"400":0,"401":0,"402":0,"403":0,"404":0,"405":0,"406":0,"407":0,"408":0,"409":0,"410":0,"411":0,"412":0,"413":0,"414":0,"415":0,"416":0,"417":0,"418":0,"419":0,"420":0,"421":0,"422":0,"423":0,"424":0,"425":0,"426":0,"427":0,"428":0,"429":0,"430":0,"431":0,"432":0,"433":0,"434":0,"435":0,"436":0,"437":0,"438":0,"439":0,"440":0,"441":0,"442":0,"443":0,"444":0,"445":0,"446":0,"447":0,"448":0,"449":0,"450":0,"451":0,"452":0,"453":0,"454":0,"455":0,"456":0,"457":0,"458":0,"459":0,"460":0,"461":0,"462":0,"463":0,"464":0,"465":0,"466":0,"467":0,"468":0,"469":0,"470":0,"471":0,"472":0,"473":0,"474":0,"475":0,"476":0,"477":0,"478":0,"479":0,"480":0,"481":0,"482":0,"483":0,"484":0,"485":0,"486":0,"487":0,"488":0,"489":0,"490":0,"491":0,"492":0,"493":0,"494":0,"495":0,"496":0,"497":0,"498":0,"499":0,"500":0,"501":0,"502":0,"503":0,"504":0,"505":0,"506":0,"507":0,"508":0,"509":0,"510":0,"511":0,"512":0,"513":0,"514":0,"515":0,"516":0,"517":0,"518":0,"519":0,"520":0,"521":0,"522":0,"523":0,"524":0,"525":0,"526":0,"527":0,"528":0,"529":0,"530":0,"531":0,"532":0,"533":0,"534":0,"535":0,"536":0,"537":0,"538":0,"539":0,"540":0,"541":0,"542":0,"543":0,"544":0,"545":0,"546":0,"547":0,"548":0,"549":0,"550":0,"551":0,"552":0,"553":0,"554":0,"555":0,"556":0,"557":0,"558":0,"559":0,"560":0,"561":0,"562":0,"563":0,"564":0,"565":0,"566":0,"567":0,"568":0,"569":0,"570":0,"571":0,"572":0,"573":0,"574":0,"575":0,"576":0,"577":0,"578":0,"579":0,"580":0,"581":0,"582":0,"583":0,"584":0,"585":0,"586":0,"587":0,"588":0,"589":0,"590":0,"591":0,"592":0,"593":0,"594":0,"595":0,"596":0,"597":0,"598":0,"599":0,"600":0,"601":0,"602":0,"603":0,"604":0,"605":0,"606":0,"607":0,"608":0,"609":0,"610":0,"611":0,"612":0,"613":0,"614":0,"615":0,"616":0,"617":0,"618":0,"619":0,"620":0,"621":0,"622":0,"623":0,"624":0,"625":0,"626":0,"627":0,"628":0,"629":0,"630":0,"631":0,"632":0,"633":0,"634":0,"635":0,"636":0,"637":0,"638":0,"639":0,"640":0,"641":0,"642":0,"643":0,"644":0,"645":0,"646":0,"647":0,"648":0,"649":0,"650":0,"651":0,"652":0,"653":0,"654":0,"655":0,"656":0,"657":0,"658":0,"659":0,"660":0,"661":0,"662":0,"663":0,"664":0,"665":0,"666":0,"667":0,"668":0,"669":0,"670":0,"671":0,"672":0,"673":0,"674":0,"675":0,"676":0,"677":0,"678":0,"679":0,"680":0,"681":0,"682":0,"683":0,"684":0,"685":0,"686":0,"687":0,"688":0,"689":0,"690":0,"691":0,"692":0,"693":0,"694":0,"695":0,"696":0,"697":0,"698":0,"699":0,"700":0,"701":0,"702":0,"703":0,"704":0,"705":0,"706":0,"707":0,"708":0,"709":0,"710":0,"711":0,"712":0,"713":0,"714":0,"715":0,"716":0,"717":0,"718":0,"719":0,"720":0,"721":0,"722":0,"723":0,"724":0,"725":0,"726":0,"727":0,"728":0,"729":0,"730":0,"731":0,"732":0,"733":0,"734":0,"735":0,"736":0,"737":0,"738":0,"739":0,"740":0,"741":0,"742":0,"743":0,"744":0,"745":0,"746":0,"747":0,"748":0,"749":0,"750":0,"751":0,"752":0,"753":0,"754":0,"755":0,"756":0,"757":0,"758":0,"759":0,"760":0,"761":0,"762":0,"763":0,"764":0,"765":0,"766":0,"767":0,"768":0,"769":0,"770":0,"771":0,"772":0,"773":0,"774":0,"775":0,"776":0,"777":0,"778":0,"779":0,"780":0,"781":0,"782":0,"783":0,"784":0,"785":0,"786":0,"787":0,"788":0,"789":0,"790":0,"791":0,"792":0,"793":0,"794":0,"795":0,"796":0,"797":0,"798":0,"799":0,"800":0,"801":0,"802":0,"803":0,"804":0,"805":0,"806":0,"807":0,"808":0,"809":0,"810":0,"811":0,"812":0,"813":0,"814":0,"815":0,"816":0,"817":0,"818":0,"819":0,"820":0,"821":0,"822":0,"823":0,"824":0,"825":0,"826":0,"827":0,"828":0,"829":0,"830":0,"831":0,"832":0,"833":0,"834":0,"835":0,"836":0,"837":0,"838":0,"839":0,"840":0,"841":0,"842":0,"843":0,"844":0,"845":0,"846":0,"847":0,"848":0,"849":0,"850":0,"851":0,"852":0,"853":0,"854":0,"855":0,"856":0,"857":0,"858":0,"859":0,"860":0,"861":0,"862":0,"863":0,"864":0,"865":0,"866":0,"867":0,"868":0,"869":0,"870":1,"871":1,"872":1,"873":1,"874":1,"875":1},"b":{"1":[0,0],"2":[0,0],"3":[0,0],"4":[0,0],"5":[0,0],"6":[0,0],"7":[0,0],"8":[0,0],"9":[0,0],"10":[0,0],"11":[0,0],"12":[0,0],"13":[0,0],"14":[0,0],"15":[0,0],"16":[0,0],"17":[0,0],"18":[0,0],"19":[0,0],"20":[0,0],"21":[0,0],"22":[0,0],"23":[0,0],"24":[0,0],"25":[0,0],"26":[0,0],"27":[0,0],"28":[0,0],"29":[0,0],"30":[0,0],"31":[0,0],"32":[0,0],"33":[0,0],"34":[0,0],"35":[0,0],"36":[0,0],"37":[0,0],"38":[0,0],"39":[0,0],"40":[0,0],"41":[0,0],"42":[0,0],"43":[0,0],"44":[0,0],"45":[0,0],"46":[0,0],"47":[0,0],"48":[0,0],"49":[0,0],"50":[0,0],"51":[0,0],"52":[0,0],"53":[0,0],"54":[0,0],"55":[0,0],"56":[0,0],"57":[0,0],"58":[0,0],"59":[0,0],"60":[0,0],"61":[0,0],"62":[0,0],"63":[0,0],"64":[0,0],"65":[0,0,0],"66":[0,0],"67":[0,0],"68":[0,0],"69":[0,0],"70":[0,0],"71":[0,0],"72":[0,0,0],"73":[0,0],"74":[0,0],"75":[0,0],"76":[0,0],"77":[0,0,0],"78":[0,0],"79":[0,0],"80":[0,0],"81":[0,0],"82":[0,0],"83":[0,0],"84":[0,0],"85":[0,0],"86":[0,0],"87":[0,0],"88":[0,0],"89":[0,0,0],"90":[0,0],"91":[0,0],"92":[0,0],"93":[0,0],"94":[0,0,0,0],"95":[0,0],"96":[0,0],"97":[0,0],"98":[0,0],"99":[0,0,0,0],"100":[0,0],"101":[0,0],"102":[0,0],"103":[0,0],"104":[0,0],"105":[0,0],"106":[0,0],"107":[0,0],"108":[0,0],"109":[0,0],"110":[0,0],"111":[0,0],"112":[0,0],"113":[0,0],"114":[0,0],"115":[0,0],"116":[0,0],"117":[0,0],"118":[0,0],"119":[0,0],"120":[0,0],"121":[0,0],"122":[0,0],"123":[0,0],"124":[1,0]},"f":{"1":0,"2":0,"3":0,"4":0,"5":0,"6":0,"7":0,"8":0,"9":0,"10":0,"11":0,"12":0,"13":0,"14":0,"15":0,"16":0,"17":0,"18":0,"19":0,"20":0,"21":0,"22":0,"23":0,"24":0,"25":0,"26":0,"27":0,"28":0,"29":0,"30":0,"31":0,"32":0,"33":0,"34":0,"35":0,"36":0,"37":0,"38":0,"39":0,"40":0,"41":0,"42":0,"43":0,"44":0,"45":0,"46":0,"47":0,"48":0,"49":0,"50":0,"51":0,"52":0,"53":0,"54":0,"55":0,"56":0,"57":0,"58":0,"59":0,"60":0,"61":0,"62":0,"63":0,"64":0,"65":0,"66":0,"67":0,"68":0,"69":0,"70":0,"71":0,"72":0,"73":0,"74":0,"75":0,"76":0,"77":0,"78":0,"79":0,"80":0,"81":0,"82":0,"83":0,"84":0,"85":0,"86":0,"87":0,"88":0,"89":0,"90":0,"91":0,"92":0,"93":0,"94":0,"95":0,"96":0,"97":0,"98":0,"99":0,"100":0,"101":0,"102":0,"103":0,"104":0,"105":0,"106":0,"107":0,"108":0,"109":0,"110":0,"111":0,"112":0,"113":0,"114":0,"115":0,"116":0,"117":0,"118":0,"119":0,"120":0,"121":0,"122":0,"123":0,"124":0,"125":0,"126":0,"127":0,"128":0,"129":0,"130":0,"131":0,"132":0,"133":0,"134":0,"135":0,"136":0,"137":0,"138":0,"139":0,"140":0,"141":0,"142":0,"143":0,"144":0,"145":0,"146":0,"147":0,"148":0,"149":0,"150":0,"151":0,"152":0,"153":0,"154":0,"155":0,"156":0,"157":0,"158":0,"159":0,"160":0,"161":0,"162":0,"163":0,"164":0,"165":0},"fnMap":{"1":{"name":"DocumentClient","line":48,"loc":{"start":{"line":48,"column":4},"end":{"line":48,"column":85}}},"2":{"name":"(anonymous_2)","line":92,"loc":{"start":{"line":92,"column":26},"end":{"line":92,"column":46}}},"3":{"name":"(anonymous_3)","line":93,"loc":{"start":{"line":93,"column":57},"end":{"line":93,"column":82}}},"4":{"name":"(anonymous_4)","line":103,"loc":{"start":{"line":103,"column":25},"end":{"line":103,"column":45}}},"5":{"name":"(anonymous_5)","line":104,"loc":{"start":{"line":104,"column":56},"end":{"line":104,"column":80}}},"6":{"name":"(anonymous_6)","line":122,"loc":{"start":{"line":122,"column":24},"end":{"line":122,"column":59}}},"7":{"name":"(anonymous_7)","line":155,"loc":{"start":{"line":155,"column":26},"end":{"line":155,"column":75}}},"8":{"name":"(anonymous_8)","line":189,"loc":{"start":{"line":189,"column":24},"end":{"line":189,"column":88}}},"9":{"name":"(anonymous_9)","line":217,"loc":{"start":{"line":217,"column":26},"end":{"line":217,"column":75}}},"10":{"name":"(anonymous_10)","line":245,"loc":{"start":{"line":245,"column":20},"end":{"line":245,"column":69}}},"11":{"name":"(anonymous_11)","line":276,"loc":{"start":{"line":276,"column":26},"end":{"line":276,"column":71}}},"12":{"name":"(anonymous_12)","line":311,"loc":{"start":{"line":311,"column":23},"end":{"line":311,"column":77}}},"13":{"name":"(anonymous_13)","line":351,"loc":{"start":{"line":351,"column":35},"end":{"line":351,"column":85}}},"14":{"name":"(anonymous_14)","line":391,"loc":{"start":{"line":391,"column":31},"end":{"line":391,"column":83}}},"15":{"name":"(anonymous_15)","line":424,"loc":{"start":{"line":424,"column":40},"end":{"line":424,"column":99}}},"16":{"name":"(anonymous_16)","line":456,"loc":{"start":{"line":456,"column":22},"end":{"line":456,"column":65}}},"17":{"name":"(anonymous_17)","line":476,"loc":{"start":{"line":476,"column":24},"end":{"line":476,"column":69}}},"18":{"name":"(anonymous_18)","line":486,"loc":{"start":{"line":486,"column":61},"end":{"line":486,"column":97}}},"19":{"name":"(anonymous_19)","line":501,"loc":{"start":{"line":501,"column":22},"end":{"line":501,"column":65}}},"20":{"name":"(anonymous_20)","line":521,"loc":{"start":{"line":521,"column":24},"end":{"line":521,"column":69}}},"21":{"name":"(anonymous_21)","line":541,"loc":{"start":{"line":541,"column":18},"end":{"line":541,"column":57}}},"22":{"name":"(anonymous_22)","line":561,"loc":{"start":{"line":561,"column":24},"end":{"line":561,"column":69}}},"23":{"name":"(anonymous_23)","line":581,"loc":{"start":{"line":581,"column":21},"end":{"line":581,"column":63}}},"24":{"name":"(anonymous_24)","line":603,"loc":{"start":{"line":603,"column":33},"end":{"line":603,"column":71}}},"25":{"name":"(anonymous_25)","line":623,"loc":{"start":{"line":623,"column":29},"end":{"line":623,"column":69}}},"26":{"name":"(anonymous_26)","line":643,"loc":{"start":{"line":643,"column":22},"end":{"line":643,"column":65}}},"27":{"name":"(anonymous_27)","line":661,"loc":{"start":{"line":661,"column":23},"end":{"line":661,"column":42}}},"28":{"name":"(anonymous_28)","line":673,"loc":{"start":{"line":673,"column":25},"end":{"line":673,"column":58}}},"29":{"name":"(anonymous_29)","line":685,"loc":{"start":{"line":685,"column":23},"end":{"line":685,"column":58}}},"30":{"name":"(anonymous_30)","line":698,"loc":{"start":{"line":698,"column":32},"end":{"line":698,"column":67}}},"31":{"name":"(anonymous_31)","line":710,"loc":{"start":{"line":710,"column":25},"end":{"line":710,"column":58}}},"32":{"name":"(anonymous_32)","line":722,"loc":{"start":{"line":722,"column":19},"end":{"line":722,"column":52}}},"33":{"name":"(anonymous_33)","line":734,"loc":{"start":{"line":734,"column":25},"end":{"line":734,"column":54}}},"34":{"name":"(anonymous_34)","line":746,"loc":{"start":{"line":746,"column":22},"end":{"line":746,"column":57}}},"35":{"name":"(anonymous_35)","line":758,"loc":{"start":{"line":758,"column":34},"end":{"line":758,"column":69}}},"36":{"name":"(anonymous_36)","line":770,"loc":{"start":{"line":770,"column":30},"end":{"line":770,"column":65}}},"37":{"name":"(anonymous_37)","line":782,"loc":{"start":{"line":782,"column":23},"end":{"line":782,"column":58}}},"38":{"name":"(anonymous_38)","line":793,"loc":{"start":{"line":793,"column":24},"end":{"line":793,"column":50}}},"39":{"name":"(anonymous_39)","line":795,"loc":{"start":{"line":795,"column":59},"end":{"line":795,"column":88}}},"40":{"name":"(anonymous_40)","line":801,"loc":{"start":{"line":801,"column":24},"end":{"line":801,"column":42}}},"41":{"name":"(anonymous_41)","line":802,"loc":{"start":{"line":802,"column":24},"end":{"line":802,"column":48}}},"42":{"name":"(anonymous_42)","line":818,"loc":{"start":{"line":818,"column":26},"end":{"line":818,"column":66}}},"43":{"name":"(anonymous_43)","line":825,"loc":{"start":{"line":825,"column":59},"end":{"line":825,"column":88}}},"44":{"name":"(anonymous_44)","line":831,"loc":{"start":{"line":831,"column":20},"end":{"line":831,"column":38}}},"45":{"name":"(anonymous_45)","line":832,"loc":{"start":{"line":832,"column":20},"end":{"line":832,"column":44}}},"46":{"name":"(anonymous_46)","line":849,"loc":{"start":{"line":849,"column":24},"end":{"line":849,"column":79}}},"47":{"name":"(anonymous_47)","line":871,"loc":{"start":{"line":871,"column":33},"end":{"line":871,"column":75}}},"48":{"name":"(anonymous_48)","line":878,"loc":{"start":{"line":878,"column":59},"end":{"line":878,"column":88}}},"49":{"name":"(anonymous_49)","line":884,"loc":{"start":{"line":884,"column":20},"end":{"line":884,"column":38}}},"50":{"name":"(anonymous_50)","line":885,"loc":{"start":{"line":885,"column":20},"end":{"line":885,"column":44}}},"51":{"name":"(anonymous_51)","line":902,"loc":{"start":{"line":902,"column":26},"end":{"line":902,"column":66}}},"52":{"name":"(anonymous_52)","line":909,"loc":{"start":{"line":909,"column":59},"end":{"line":909,"column":88}}},"53":{"name":"(anonymous_53)","line":915,"loc":{"start":{"line":915,"column":24},"end":{"line":915,"column":42}}},"54":{"name":"(anonymous_54)","line":916,"loc":{"start":{"line":916,"column":24},"end":{"line":916,"column":48}}},"55":{"name":"(anonymous_55)","line":932,"loc":{"start":{"line":932,"column":20},"end":{"line":932,"column":60}}},"56":{"name":"(anonymous_56)","line":939,"loc":{"start":{"line":939,"column":59},"end":{"line":939,"column":88}}},"57":{"name":"(anonymous_57)","line":945,"loc":{"start":{"line":945,"column":20},"end":{"line":945,"column":38}}},"58":{"name":"(anonymous_58)","line":946,"loc":{"start":{"line":946,"column":20},"end":{"line":946,"column":44}}},"59":{"name":"(anonymous_59)","line":962,"loc":{"start":{"line":962,"column":26},"end":{"line":962,"column":62}}},"60":{"name":"(anonymous_60)","line":969,"loc":{"start":{"line":969,"column":59},"end":{"line":969,"column":88}}},"61":{"name":"(anonymous_61)","line":975,"loc":{"start":{"line":975,"column":20},"end":{"line":975,"column":38}}},"62":{"name":"(anonymous_62)","line":976,"loc":{"start":{"line":976,"column":20},"end":{"line":976,"column":44}}},"63":{"name":"(anonymous_63)","line":992,"loc":{"start":{"line":992,"column":23},"end":{"line":992,"column":65}}},"64":{"name":"(anonymous_64)","line":999,"loc":{"start":{"line":999,"column":59},"end":{"line":999,"column":88}}},"65":{"name":"(anonymous_65)","line":1005,"loc":{"start":{"line":1005,"column":20},"end":{"line":1005,"column":38}}},"66":{"name":"(anonymous_66)","line":1006,"loc":{"start":{"line":1006,"column":20},"end":{"line":1006,"column":44}}},"67":{"name":"(anonymous_67)","line":1022,"loc":{"start":{"line":1022,"column":35},"end":{"line":1022,"column":77}}},"68":{"name":"(anonymous_68)","line":1029,"loc":{"start":{"line":1029,"column":59},"end":{"line":1029,"column":88}}},"69":{"name":"(anonymous_69)","line":1035,"loc":{"start":{"line":1035,"column":20},"end":{"line":1035,"column":38}}},"70":{"name":"(anonymous_70)","line":1036,"loc":{"start":{"line":1036,"column":20},"end":{"line":1036,"column":44}}},"71":{"name":"(anonymous_71)","line":1052,"loc":{"start":{"line":1052,"column":31},"end":{"line":1052,"column":73}}},"72":{"name":"(anonymous_72)","line":1059,"loc":{"start":{"line":1059,"column":59},"end":{"line":1059,"column":88}}},"73":{"name":"(anonymous_73)","line":1065,"loc":{"start":{"line":1065,"column":20},"end":{"line":1065,"column":38}}},"74":{"name":"(anonymous_74)","line":1066,"loc":{"start":{"line":1066,"column":20},"end":{"line":1066,"column":44}}},"75":{"name":"(anonymous_75)","line":1082,"loc":{"start":{"line":1082,"column":24},"end":{"line":1082,"column":66}}},"76":{"name":"(anonymous_76)","line":1089,"loc":{"start":{"line":1089,"column":59},"end":{"line":1089,"column":88}}},"77":{"name":"(anonymous_77)","line":1095,"loc":{"start":{"line":1095,"column":20},"end":{"line":1095,"column":38}}},"78":{"name":"(anonymous_78)","line":1096,"loc":{"start":{"line":1096,"column":20},"end":{"line":1096,"column":44}}},"79":{"name":"(anonymous_79)","line":1111,"loc":{"start":{"line":1111,"column":24},"end":{"line":1111,"column":67}}},"80":{"name":"(anonymous_80)","line":1130,"loc":{"start":{"line":1130,"column":26},"end":{"line":1130,"column":71}}},"81":{"name":"(anonymous_81)","line":1150,"loc":{"start":{"line":1150,"column":24},"end":{"line":1150,"column":67}}},"82":{"name":"(anonymous_82)","line":1170,"loc":{"start":{"line":1170,"column":26},"end":{"line":1170,"column":71}}},"83":{"name":"(anonymous_83)","line":1190,"loc":{"start":{"line":1190,"column":20},"end":{"line":1190,"column":59}}},"84":{"name":"(anonymous_84)","line":1210,"loc":{"start":{"line":1210,"column":26},"end":{"line":1210,"column":71}}},"85":{"name":"(anonymous_85)","line":1230,"loc":{"start":{"line":1230,"column":23},"end":{"line":1230,"column":65}}},"86":{"name":"(anonymous_86)","line":1250,"loc":{"start":{"line":1250,"column":35},"end":{"line":1250,"column":73}}},"87":{"name":"(anonymous_87)","line":1270,"loc":{"start":{"line":1270,"column":31},"end":{"line":1270,"column":71}}},"88":{"name":"(anonymous_88)","line":1290,"loc":{"start":{"line":1290,"column":24},"end":{"line":1290,"column":67}}},"89":{"name":"(anonymous_89)","line":1311,"loc":{"start":{"line":1311,"column":27},"end":{"line":1311,"column":84}}},"90":{"name":"(anonymous_90)","line":1338,"loc":{"start":{"line":1338,"column":25},"end":{"line":1338,"column":81}}},"91":{"name":"(anonymous_91)","line":1345,"loc":{"start":{"line":1345,"column":23},"end":{"line":1345,"column":35}}},"92":{"name":"(anonymous_92)","line":1360,"loc":{"start":{"line":1360,"column":85},"end":{"line":1360,"column":143}}},"93":{"name":"(anonymous_93)","line":1381,"loc":{"start":{"line":1381,"column":27},"end":{"line":1381,"column":84}}},"94":{"name":"(anonymous_94)","line":1408,"loc":{"start":{"line":1408,"column":21},"end":{"line":1408,"column":66}}},"95":{"name":"(anonymous_95)","line":1435,"loc":{"start":{"line":1435,"column":27},"end":{"line":1435,"column":84}}},"96":{"name":"(anonymous_96)","line":1462,"loc":{"start":{"line":1462,"column":24},"end":{"line":1462,"column":75}}},"97":{"name":"(anonymous_97)","line":1495,"loc":{"start":{"line":1495,"column":36},"end":{"line":1495,"column":79}}},"98":{"name":"(anonymous_98)","line":1528,"loc":{"start":{"line":1528,"column":32},"end":{"line":1528,"column":79}}},"99":{"name":"(anonymous_99)","line":1568,"loc":{"start":{"line":1568,"column":24},"end":{"line":1568,"column":88}}},"100":{"name":"(anonymous_100)","line":1596,"loc":{"start":{"line":1596,"column":26},"end":{"line":1596,"column":75}}},"101":{"name":"(anonymous_101)","line":1624,"loc":{"start":{"line":1624,"column":20},"end":{"line":1624,"column":69}}},"102":{"name":"(anonymous_102)","line":1655,"loc":{"start":{"line":1655,"column":26},"end":{"line":1655,"column":71}}},"103":{"name":"(anonymous_103)","line":1690,"loc":{"start":{"line":1690,"column":23},"end":{"line":1690,"column":77}}},"104":{"name":"(anonymous_104)","line":1730,"loc":{"start":{"line":1730,"column":35},"end":{"line":1730,"column":85}}},"105":{"name":"(anonymous_105)","line":1770,"loc":{"start":{"line":1770,"column":31},"end":{"line":1770,"column":83}}},"106":{"name":"(anonymous_106)","line":1803,"loc":{"start":{"line":1803,"column":40},"end":{"line":1803,"column":99}}},"107":{"name":"(anonymous_107)","line":1836,"loc":{"start":{"line":1836,"column":19},"end":{"line":1836,"column":50}}},"108":{"name":"(anonymous_108)","line":1847,"loc":{"start":{"line":1847,"column":57},"end":{"line":1847,"column":82}}},"109":{"name":"(anonymous_109)","line":1861,"loc":{"start":{"line":1861,"column":21},"end":{"line":1861,"column":77}}},"110":{"name":"(anonymous_110)","line":1889,"loc":{"start":{"line":1889,"column":57},"end":{"line":1889,"column":82}}},"111":{"name":"(anonymous_111)","line":1903,"loc":{"start":{"line":1903,"column":32},"end":{"line":1903,"column":80}}},"112":{"name":"(anonymous_112)","line":1931,"loc":{"start":{"line":1931,"column":57},"end":{"line":1931,"column":82}}},"113":{"name":"(anonymous_113)","line":1944,"loc":{"start":{"line":1944,"column":22},"end":{"line":1944,"column":60}}},"114":{"name":"(anonymous_114)","line":1962,"loc":{"start":{"line":1962,"column":19},"end":{"line":1962,"column":50}}},"115":{"name":"(anonymous_115)","line":1974,"loc":{"start":{"line":1974,"column":20},"end":{"line":1974,"column":39}}},"116":{"name":"(anonymous_116)","line":1985,"loc":{"start":{"line":1985,"column":21},"end":{"line":1985,"column":47}}},"117":{"name":"(anonymous_117)","line":1987,"loc":{"start":{"line":1987,"column":59},"end":{"line":1987,"column":88}}},"118":{"name":"(anonymous_118)","line":1993,"loc":{"start":{"line":1993,"column":24},"end":{"line":1993,"column":42}}},"119":{"name":"(anonymous_119)","line":1994,"loc":{"start":{"line":1994,"column":24},"end":{"line":1994,"column":48}}},"120":{"name":"(anonymous_120)","line":2007,"loc":{"start":{"line":2007,"column":28},"end":{"line":2007,"column":57}}},"121":{"name":"(anonymous_121)","line":2015,"loc":{"start":{"line":2015,"column":49},"end":{"line":2015,"column":81}}},"122":{"name":"(anonymous_122)","line":2038,"loc":{"start":{"line":2038,"column":31},"end":{"line":2038,"column":82}}},"123":{"name":"(anonymous_123)","line":2045,"loc":{"start":{"line":2045,"column":23},"end":{"line":2045,"column":35}}},"124":{"name":"(anonymous_124)","line":2065,"loc":{"start":{"line":2065,"column":63},"end":{"line":2065,"column":121}}},"125":{"name":"(anonymous_125)","line":2078,"loc":{"start":{"line":2078,"column":31},"end":{"line":2078,"column":82}}},"126":{"name":"(anonymous_126)","line":2085,"loc":{"start":{"line":2085,"column":23},"end":{"line":2085,"column":35}}},"127":{"name":"(anonymous_127)","line":2105,"loc":{"start":{"line":2105,"column":63},"end":{"line":2105,"column":121}}},"128":{"name":"(anonymous_128)","line":2118,"loc":{"start":{"line":2118,"column":31},"end":{"line":2118,"column":74}}},"129":{"name":"(anonymous_129)","line":2121,"loc":{"start":{"line":2121,"column":59},"end":{"line":2121,"column":85}}},"130":{"name":"(anonymous_130)","line":2126,"loc":{"start":{"line":2126,"column":23},"end":{"line":2126,"column":52}}},"131":{"name":"(anonymous_131)","line":2132,"loc":{"start":{"line":2132,"column":20},"end":{"line":2132,"column":38}}},"132":{"name":"(anonymous_132)","line":2133,"loc":{"start":{"line":2133,"column":20},"end":{"line":2133,"column":44}}},"133":{"name":"(anonymous_133)","line":2144,"loc":{"start":{"line":2144,"column":16},"end":{"line":2144,"column":83}}},"134":{"name":"(anonymous_134)","line":2150,"loc":{"start":{"line":2150,"column":57},"end":{"line":2150,"column":82}}},"135":{"name":"(anonymous_135)","line":2156,"loc":{"start":{"line":2156,"column":16},"end":{"line":2156,"column":83}}},"136":{"name":"(anonymous_136)","line":2163,"lo
[...]
locations":[{"start":{"line":183,"column":17},"end":{"line":183,"column":39}},{"start":{"line":183,"column":44},"end":{"line":183,"column":61}}]},"38":{"line":186,"type":"if","locations":[{"start":{"line":186,"column":12},"end":{"line":186,"column":12}},{"start":{"line":186,"column":12},"end":{"line":186,"column":12}}]},"39":{"line":189,"type":"if","locations":[{"start":{"line":189,"column":12},"end":{"line":189,"column":12}},{"start":{"line":189,"column":12},"end":{"line":189,"column":12}}]},"40":{"line":192,"type":"if","locations":[{"start":{"line":192,"column":12},"end":{"line":192,"column":12}},{"start":{"line":192,"column":12},"end":{"line":192,"column":12}}]},"41":{"line":195,"type":"if","locations":[{"start":{"line":195,"column":12},"end":{"line":195,"column":12}},{"start":{"line":195,"column":12},"end":{"line":195,"column":12}}]},"42":{"line":200,"type":"if","locations":[{"start":{"line":200,"column":8},"end":{"line":200,"column":8}},{"start":{"line":200,"column":8},"end":{"line":200,"column":8}}]},"43":{"line":203,"type":"if","locations":[{"start":{"line":203,"column":8},"end":{"line":203,"column":8}},{"start":{"line":203,"column":8},"end":{"line":203,"column":8}}]},"44":{"line":203,"type":"binary-expr","locations":[{"start":{"line":203,"column":12},"end":{"line":203,"column":41}},{"start":{"line":203,"column":45},"end":{"line":203,"column":82}}]},"45":{"line":219,"type":"if","locations":[{"start":{"line":219,"column":12},"end":{"line":219,"column":12}},{"start":{"line":219,"column":12},"end":{"line":219,"column":12}}]},"46":{"line":222,"type":"if","locations":[{"start":{"line":222,"column":12},"end":{"line":222,"column":12}},{"start":{"line":222,"column":12},"end":{"line":222,"column":12}}]},"47":{"line":238,"type":"if","locations":[{"start":{"line":238,"column":12},"end":{"line":238,"column":12}},{"start":{"line":238,"column":12},"end":{"line":238,"column":12}}]},"48":{"line":238,"type":"binary-expr","locations":[{"start":{"line":238,"column":16},"end":{"line":238,"column":38}},{"start":{"line":238,"column":42},"end":{"line":238,"column":59}}]},"49":{"line":252,"type":"if","locations":[{"start":{"line":252,"column":12},"end":{"line":252,"column":12}},{"start":{"line":252,"column":12},"end":{"line":252,"column":12}}]},"50":{"line":252,"type":"binary-expr","locations":[{"start":{"line":252,"column":16},"end":{"line":252,"column":42}},{"start":{"line":252,"column":46},"end":{"line":252,"column":67}}]},"51":{"line":263,"type":"binary-expr","locations":[{"start":{"line":263,"column":89},"end":{"line":263,"column":110}},{"start":{"line":263,"column":114},"end":{"line":263,"column":161}}]},"52":{"line":264,"type":"if","locations":[{"start":{"line":264,"column":12},"end":{"line":264,"column":12}},{"start":{"line":264,"column":12},"end":{"line":264,"column":12}}]},"53":{"line":264,"type":"binary-expr","locations":[{"start":{"line":264,"column":16},"end":{"line":264,"column":36}},{"start":{"line":264,"column":40},"end":{"line":264,"column":71}}]},"54":{"line":273,"type":"cond-expr","locations":[{"start":{"line":273,"column":66},"end":{"line":273,"column":78}},{"start":{"line":273,"column":81},"end":{"line":273,"column":95}}]},"55":{"line":274,"type":"cond-expr","locations":[{"start":{"line":274,"column":85},"end":{"line":274,"column":86}},{"start":{"line":274,"column":89},"end":{"line":274,"column":110}}]},"56":{"line":287,"type":"if","locations":[{"start":{"line":287,"column":0},"end":{"line":287,"column":0}},{"start":{"line":287,"column":0},"end":{"line":287,"column":0}}]}},"code":["/*","The MIT License (MIT)","Copyright (c) 2014 Microsoft Corporation","","Permission is hereby granted, free of charge, to any person obtaining a copy","of this software and associated documentation files (the \"Software\"), to deal","in the Software without restriction, including without limitation the rights","to use, copy, modify, merge, publish, distribute, sublicense, and/or sell","copies of the Software, and to permit persons to whom the Software is","furnished to do so, subject to the following conditions:","","The above copyright notice and this permission notice shall be included in all","copies or substantial portions of the Software.","","THE SOFTWARE IS PROVIDED \"AS IS\", WITHOUT WARRANTY OF ANY KIND, EXPRESS OR","IMPLIED, INCLUDING BUT NOT LIMITED TO THE WARRANTIES OF MERCHANTABILITY,","FITNESS FOR A PARTICULAR PURPOSE AND NONINFRINGEMENT. IN NO EVENT SHALL THE","AUTHORS OR COPYRIGHT HOLDERS BE LIABLE FOR ANY CLAIM, DAMAGES OR OTHER","LIABILITY, WHETHER IN AN ACTION OF CONTRACT, TORT OR OTHERWISE, ARISING FROM,","OUT OF OR IN CONNECTION WITH THE SOFTWARE OR THE USE OR OTHER DEALINGS IN THE","SOFTWARE.","*/","","\"use strict\";","","var Base = require(\"./base\");","","//SCRIPT START","var Range = Base.defineClass(","    /**","     * Represents a range object used by the RangePartitionResolver in the Azure DocumentDB database service.","     * @class Range","     * @param {object} options                   - The Range constructor options.","     * @param {any} options.low                  - The low value in the range.","     * @param {any} options.high                 - The high value in the range.","     **/","    function(options) {","        if (options === undefined) {","            options = {};","        }","        if (options === null) {","            throw new Error(\"Invalid argument: 'options' is null\");","        }","        if (typeof options !== \"object\") {","            throw new Error(\"Invalid argument: 'options' is not an object\");","        }","        if (options.high === undefined) {","            options.high = options.low;","        }","        this.low = options.low;","        this.high = options.high;","        Object.freeze(this);","    },","    {","        /** @ignore */","        _compare: function (x, y, compareFunction) {","            // Same semantics as Array.sort","            // http://www.ecma-international.org/ecma-262/6.0/#sec-sortcompare","            if (x === undefined && y === undefined)","                return 0;","            if (x === undefined)","                return 1;","            if (y === undefined)","                return -1;","            if (compareFunction !== undefined) {","                var v = Number(compareFunction(x, y));","                if (v === NaN)","                    return 0;","                return v;","            }","            var xString = String(x);","            var yString = String(y);","            if (xString < yString)","                return -1;","            if (xString > yString)","                return 1;","            return 0;","        },","","        /** @ignore */","        _contains: function (other, compareFunction) {","            if (Range._isRange(other)) {","                return this._containsRange(other, compareFunction);","            }","            else {","                return this._containsPoint(other, compareFunction);","            }","        },","","        /** @ignore */","        _containsPoint: function (point, compareFunction) {","            if (this._compare(point, this.low, compareFunction) >= 0 && this._compare(point, this.high, compareFunction) <= 0) {","                return true;","            }","            return false;","        },","","        /** @ignore */","        _containsRange: function (other, compareFunction) {","            if (this._compare(other.low, this.low, compareFunction) >= 0 && this._compare(other.high, this.high, compareFunction) <= 0) {","                return true;","            }","            return false;","        },","","        /** @ignore */","        _intersect: function (other, compareFunction) {","            if (other === undefined || other === null) {","                throw new Error(\"Invalid Argument: 'other' is undefined or null\");","            }","            var maxLow = this._compare(this.low, other.low, compareFunction) >= 0 ? this.low : other.low;","            var minHigh = this._compare(this.high, other.high, compareFunction) <= 0 ? this.high : other.high;","            if (this._compare(maxLow, minHigh, compareFunction) <= 0) {","                return true;","            }","            return false;","        },","","         /** @ignore */","        _toArrayImplementation: function(callback){","            var that = this;","            if (this._canFetchMore()) {","                this._fetchMore(function(err, resources, headers){","                    if(err) {","                        return callback(err, undefined, headers);","                    }","","                    that.resHeaders = headers;","                    that.resources = that.resources.concat(resources);","                    that._toArrayImplementation(callback);","                });","            } else {","                this._state = this._states.ended;","                callback(undefined, this.resources, this.resHeaders);","            }","        },","","        /** @ignore */","        _toString: function () {","            return String(this.low) + \",\" + String(this.high);","        }","    },","    {","        /** @ignore */","        _isRange: function (pointOrRange) {","            if (pointOrRange === undefined) {","                return false;","            }","            if (pointOrRange === null) {","                return false;","            }","            if (typeof pointOrRange !== \"object\") {","                return false;","            }","            return (\"low\" in pointOrRange && \"high\" in pointOrRange);","        }","    }",");","","var RangePartitionResolver = Base.defineClass(","    /**","     * RangePartitionResolver implements partitioning using a partition map of ranges of values to a collection link in the Azure DocumentDB database service.","     * @class RangePartitionResolver","     * @param {string | function} partitionKeyExtractor   - If partitionKeyExtractor is a string, it should be the name of the property in the document to execute the hashing on.","     *                                                      If partitionKeyExtractor is a function, it should be a function to extract the partition key from an object.","     * @param {Array} partitionKeyMap                     - The map from Range to collection link that is used for partitioning requests.","     * @param {function} compareFunction                  - Optional function that accepts two arguments x and y and returns a negative value if x < y, zero if x = y, or a positive value if x > y.","     **/","    function(partitionKeyExtractor, partitionKeyMap, compareFunction) {","        if (partitionKeyExtractor === undefined || partitionKeyExtractor === null) {","            throw new Error(\"partitionKeyExtractor cannot be null or undefined\");","        }","        if (typeof partitionKeyExtractor !== \"string\" && typeof partitionKeyExtractor !== \"function\") {","            throw new Error(\"partitionKeyExtractor must be either a 'string' or a 'function'\");","        }","        if (partitionKeyMap === undefined || partitionKeyMap === null) {","            throw new Error(\"partitionKeyMap cannot be null or undefined\");","        }","        if (!(Array.isArray(partitionKeyMap))) {","            throw new Error(\"partitionKeyMap has to be an Array\");","        }","        var allMapEntriesAreValid = partitionKeyMap.every(function (mapEntry) {","            if ((mapEntry === undefined) || mapEntry === null) {","                return false;","            }","            if (mapEntry.range === undefined) {","                return false;","            }","            if (!(mapEntry.range instanceof Range)) {","                return false;","            }","            if (mapEntry.link === undefined) {","                return false;","            }","            if (typeof mapEntry.link !== \"string\") {","                return false;","            }","            return true;","        });","        if (!allMapEntriesAreValid) {","            throw new Error(\"All partitionKeyMap entries have to be a tuple {range: Range, link: string }\");","        }","        if (compareFunction !== undefined && typeof compareFunction !== \"function\") {","            throw new Error(\"Invalid argument: 'compareFunction' is not a function\");","        }","","        this.partitionKeyExtractor = partitionKeyExtractor;","        this.partitionKeyMap = partitionKeyMap;","        this.compareFunction = compareFunction;","    }, {","        /**","         * Extracts the partition key from the specified document using the partitionKeyExtractor","         * @memberof RangePartitionResolver","         * @instance","         * @param {object} document - The document from which to extract the partition key.","         * @returns {}","         **/","        getPartitionKey: function (document) {","            if (typeof this.partitionKeyExtractor === \"string\") {","                return document[this.partitionKeyExtractor];","            }","            if (typeof this.partitionKeyExtractor === \"function\") {","                return this.partitionKeyExtractor(document);","            }","            throw new Error(\"Unable to extract partition key from document. Ensure PartitionKeyExtractor is a valid function or property name.\");","        },","","        /**","         * Given a partition key, returns the correct collection link for creating a document using the range partition map.","         * @memberof RangePartitionResolver","         * @instance","         * @param {any} partitionKey - The partition key used to determine the target collection for create","         * @returns {string}         - The target collection link that will be used for document creation.","         **/","        resolveForCreate: function (partitionKey) {","            var range = new Range({ low: partitionKey });","            var mapEntry = this._getFirstContainingMapEntryOrNull(range);","            if (mapEntry !== undefined && mapEntry !== null) {","                return mapEntry.link;","            }","            throw new Error(\"Invalid operation: A containing range for '\" + range._toString() + \"' doesn't exist in the partition map.\");","        },","","        /**","         * Given a partition key, returns a list of collection links to read from using the range partition map.","         * @memberof RangePartitionResolver","         * @instance","         * @param {any} partitionKey - The partition key used to determine the target collection for query","         * @returns {string[]}         - The list of target collection links.","         **/","        resolveForRead: function (partitionKey) {","            if (partitionKey === undefined || partitionKey === null) {","                return this.partitionKeyMap.map(function (i) { return i.link; });","            }","            else {","                return this._getIntersectingMapEntries(partitionKey).map(function (i) { return i.link; });","            }","        },","","        /** @ignore */","        _getFirstContainingMapEntryOrNull: function (point) {","            var _this = this;","            var containingMapEntries = this.partitionKeyMap.filter(function (p) { return p.range !== undefined && p.range._contains(point, _this.compareFunction); });","            if (containingMapEntries && containingMapEntries.length > 0) {","                return containingMapEntries[0];","            }","            return null;","        },","","        /** @ignore */","        _getIntersectingMapEntries: function (partitionKey) {","            var _this = this;","            var partitionKeys = (partitionKey instanceof Array) ? partitionKey : [partitionKey];","            var ranges = partitionKeys.map(function (p) { return Range._isRange(p) ? p : new Range({ low: p }); });","            var result = new Array();","            ranges.forEach(function (range) {","                result = result.concat(_this.partitionKeyMap.filter(function (entry) {","                    return entry.range._intersect(range, _this.compareFunction);","                }));","            });","            return result;","        }","    }",");","//SCRIPT END","","if (typeof exports !== \"undefined\") {","    exports.Range = Range;","    exports.RangePartitionResolver = RangePartitionResolver;","}"],"l":{"26":1,"29":1,"38":0,"39":0,"41":0,"42":0,"44":0,"45":0,"47":0,"48":0,"50":0,"51":0,"52":0,"59":0,"60":0,"61":0,"62":0,"63":0,"64":0,"65":0,"66":0,"67":0,"68":0,"69":0,"71":0,"72":0,"73":0,"74":0,"75":0,"76":0,"77":0,"82":0,"83":0,"86":0,"92":0,"93":0,"95":0,"100":0,"101":0,"103":0,"108":0,"109":0,"111":0,"112":0,"113":0,"114":0,"116":0,"121":0,"122":0,"123":0,"124":0,"125":0,"128":0,"129":0,"130":0,"133":0,"134":0,"140":0,"146":0,"147":0,"149":0,"150":0,"152":0,"153":0,"155":0,"160":1,"170":0,"171":0,"173":0,"174":0,"176":0,"177":0,"179":0,"180":0,"182":0,"183":0,"184":0,"186":0,"187":0,"189":0,"190":0,"192":0,"193":0,"195":0,"196":0,"198":0,"200":0,"201":0,"203":0,"204":0,"207":0,"208":0,"209":0,"219":0,"220":0,"222":0,"223":0,"225":0,"236":0,"237":0,"238":0,"239":0,"241":0,"252":0,"253":0,"256":0,"262":0,"263":0,"264":0,"265":0,"267":0,"272":0,"273":0,"274":0,"275":0,"276":0,"277":0,"278":0,"281":0,"287":1,"288":1,"289":1}},"/home/travis/build/npmtest/node-npmtest-documentdb/node_modules/documentdb/Gruntfile.js":{"path":"/home/travis/build/npmtest/node-npmtest-documentdb/node_modules/documentdb/Gruntfile.js","s":{"1":1,"2":0,"3":0,"4":0,"5":0,"6":0},"b":{},"f":{"1":0},"fnMap":{"1":{"name":"(anonymous_1)","line":26,"loc":{"start":{"line":26,"column":17},"end":{"line":26,"column":34}}}},"statementMap":{"1":{"start":{"line":26,"column":0},"end":{"line":47,"column":2}},"2":{"start":{"line":27,"column":4},"end":{"line":27,"column":33}},"3":{"start":{"line":29,"column":4},"end":{"line":29,"column":39}},"4":{"start":{"line":31,"column":4},"end":{"line":43,"column":7}},"5":{"start":{"line":45,"column":4},"end":{"line":45,"column":43}},"6":{"start":{"line":46,"column":4},"end":{"line":46,"column":42}}},"branchMap":{},"code":["/*","The MIT License (MIT)","Copyright (c) 2014 Microsoft Corporation","","Permission is hereby granted, free of charge, to any person obtaining a copy","of this software and associated documentation files (the \"Software\"), to deal","in the Software without restriction, including without limitation the rights","to use, copy, modify, merge, publish, distribute, sublicense, and/or sell","copies of the Software, and to permit persons to whom the Software is","furnished to do so, subject to the following conditions:","","The above copyright notice and this permission notice shall be included in all","copies or substantial portions of the Software.","","THE SOFTWARE IS PROVIDED \"AS IS\", WITHOUT WARRANTY OF ANY KIND, EXPRESS OR","IMPLIED, INCLUDING BUT NOT LIMITED TO THE WARRANTIES OF MERCHANTABILITY,","FITNESS FOR A PARTICULAR PURPOSE AND NONINFRINGEMENT. IN NO EVENT SHALL THE","AUTHORS OR COPYRIGHT HOLDERS BE LIABLE FOR ANY CLAIM, DAMAGES OR OTHER","LIABILITY, WHETHER IN AN ACTION OF CONTRACT, TORT OR OTHERWISE, ARISING FROM,","OUT OF OR IN CONNECTION WITH THE SOFTWARE OR THE USE OR OTHER DEALINGS IN THE","SOFTWARE.","*/","","\"use strict\";","","module.exports = function (grunt) {","    require(\"time-grunt\")(grunt);","    // Load grunt tasks automatically","    require(\"load-grunt-tasks\")(grunt);","","    grunt.initConfig({","        eslint: {","            src: [","                \"lib/*.js\",","                \"lib/hash/*.js\",","                \"lib/queryExecutionContext/*.js\",","                \"lib/routing/*.js\",","                \"test/*.js\"],","            options: {","                configFile: \".eslintrc\"","            }","        }","    });","","    grunt.registerTask(\"lint\", [\"eslint\"]);","    grunt.registerTask(\"default\", \"lint\");","};"],"l":{"26":1,"27":0,"29":0,"31":0,"45":0,"46":0}}}